2024-06-21 20:43:33,586 - INFO - Manual order response: Order({   'asset_class': 'us_equity',
    'asset_id': 'b28f4066-5c6d-479b-a2af-85dc1a8f16fb',
    'canceled_at': None,
    'client_order_id': '2da62095-355c-4b40-a160-967ed58f35a3',
    'created_at': '2024-06-21T19:43:33.000479374Z',
    'expired_at': None,
    'extended_hours': False,
    'failed_at': None,
    'filled_at': None,
    'filled_avg_price': None,
    'filled_qty': '0',
    'hwm': None,
    'id': '5f18b40c-c14e-44b2-94ed-0d1daf2ee9ff',
    'legs': None,
    'limit_price': None,
    'notional': None,
    'order_class': '',
    'order_type': 'market',
    'qty': '1',
    'replaced_at': None,
    'replaced_by': None,
    'replaces': None,
    'side': 'buy',
    'source': None,
    'status': 'pending_new',
    'stop_price': None,
    'submitted_at': '2024-06-21T19:43:33.000479374Z',
    'subtag': None,
    'symbol': 'SPY',
    'time_in_force': 'day',
    'trail_percent': None,
    'trail_price': None,
    'type': 'market',
    'updated_at': '2024-06-21T19:43:33.001230984Z'})
2024-06-21 20:43:34,858 - INFO - Order Status for 5f18b40c-c14e-44b2-94ed-0d1daf2ee9ff: filled
2024-06-21 20:43:35,452 - INFO - started stock data stream
2024-06-21 20:43:35,452 - INFO - starting stock data websocket connection
2024-06-21 20:43:35,948 - INFO - connected to: wss://stream.data.alpaca.markets/v2/iex
2024-06-21 20:43:36,237 - INFO - subscribed to trades: [], quotes: [], bars: ['SPY'], updatedBars: [], dailyBars: [], statuses: [], lulds: [], cancelErrors: [], corrections: []
2024-06-21 20:44:01,035 - INFO - Received new bar data: 544.425
2024-06-21 20:45:00,944 - INFO - Received new bar data: 544.61
2024-06-21 20:46:00,732 - INFO - Received new bar data: 544.46
2024-06-21 20:47:00,745 - INFO - Received new bar data: 544.305
2024-06-21 20:47:00,745 - INFO - Generated signal: -1 based on returns: -0.00028468574367279675
2024-06-21 20:47:01,084 - INFO - Executing Sell for SPY at 544.9
2024-06-21 20:47:01,395 - INFO - Order submitted: Order({   'asset_class': 'us_equity',
    'asset_id': 'b28f4066-5c6d-479b-a2af-85dc1a8f16fb',
    'canceled_at': None,
    'client_order_id': '7e564c56-2615-49df-bd74-23b30e49aea2',
    'created_at': '2024-06-21T19:47:00.817761068Z',
    'expired_at': None,
    'extended_hours': False,
    'failed_at': None,
    'filled_at': None,
    'filled_avg_price': None,
    'filled_qty': '0',
    'hwm': '544.305',
    'id': 'ea462b61-a97a-401c-bf58-3172002eb858',
    'legs': None,
    'limit_price': None,
    'notional': None,
    'order_class': '',
    'order_type': 'trailing_stop',
    'qty': '1',
    'replaced_at': None,
    'replaced_by': None,
    'replaces': None,
    'side': 'sell',
    'source': None,
    'status': 'new',
    'stop_price': '541.583475',
    'submitted_at': '2024-06-21T19:47:00.817761068Z',
    'subtag': None,
    'symbol': 'SPY',
    'time_in_force': 'day',
    'trail_percent': '0.5',
    'trail_price': None,
    'type': 'trailing_stop',
    'updated_at': '2024-06-21T19:47:00.818393918Z'})
2024-06-21 20:48:00,697 - INFO - Received new bar data: 544.27
2024-06-21 20:48:00,697 - INFO - Generated signal: -1 based on returns: -6.430218351838324e-05
2024-06-21 20:48:00,807 - INFO - Executing Sell for SPY at 544.9
2024-06-21 20:48:00,901 - INFO - Order submitted: Order({   'asset_class': 'us_equity',
    'asset_id': 'b28f4066-5c6d-479b-a2af-85dc1a8f16fb',
    'canceled_at': None,
    'client_order_id': '5bb65dfb-0730-40f8-8ce7-bb33efdcb563',
    'created_at': '2024-06-21T19:48:00.321652418Z',
    'expired_at': None,
    'extended_hours': False,
    'failed_at': None,
    'filled_at': None,
    'filled_avg_price': None,
    'filled_qty': '0',
    'hwm': '544.265',
    'id': 'a268cfe1-f0a3-4e72-9b15-44b724ee064b',
    'legs': None,
    'limit_price': None,
    'notional': None,
    'order_class': '',
    'order_type': 'trailing_stop',
    'qty': '1',
    'replaced_at': None,
    'replaced_by': None,
    'replaces': None,
    'side': 'sell',
    'source': None,
    'status': 'new',
    'stop_price': '541.543675',
    'submitted_at': '2024-06-21T19:48:00.321652418Z',
    'subtag': None,
    'symbol': 'SPY',
    'time_in_force': 'day',
    'trail_percent': '0.5',
    'trail_price': None,
    'type': 'trailing_stop',
    'updated_at': '2024-06-21T19:48:00.322341838Z'})
2024-06-21 20:49:00,856 - INFO - Received new bar data: 544.32
2024-06-21 20:49:00,856 - INFO - Generated signal: 1 based on returns: 9.186616936451841e-05
2024-06-21 20:49:00,961 - INFO - Executing Buy for SPY at 544.9
2024-06-21 20:49:01,059 - INFO - Order submitted: Order({   'asset_class': 'us_equity',
    'asset_id': 'b28f4066-5c6d-479b-a2af-85dc1a8f16fb',
    'canceled_at': None,
    'client_order_id': '961b0ebc-e7ee-4d38-a69a-40dbde89e454',
    'created_at': '2024-06-21T19:49:00.474502926Z',
    'expired_at': None,
    'extended_hours': False,
    'failed_at': None,
    'filled_at': None,
    'filled_avg_price': None,
    'filled_qty': '0',
    'hwm': None,
    'id': 'b613eed9-2c94-45f4-b058-e5ee51b761ce',
    'legs': None,
    'limit_price': None,
    'notional': None,
    'order_class': '',
    'order_type': 'market',
    'qty': '1',
    'replaced_at': None,
    'replaced_by': None,
    'replaces': None,
    'side': 'buy',
    'source': None,
    'status': 'pending_new',
    'stop_price': None,
    'submitted_at': '2024-06-21T19:49:00.474502926Z',
    'subtag': None,
    'symbol': 'SPY',
    'time_in_force': 'day',
    'trail_percent': None,
    'trail_price': None,
    'type': 'market',
    'updated_at': '2024-06-21T19:49:00.475332776Z'})
2024-06-21 20:50:00,760 - INFO - Received new bar data: 544.24
2024-06-21 20:50:00,774 - INFO - Generated signal: -1 based on returns: -0.0001469723691946978
2024-06-21 20:50:00,869 - INFO - Executing Sell for SPY at 544.9
2024-06-21 20:50:00,968 - INFO - Order submitted: Order({   'asset_class': 'us_equity',
    'asset_id': 'b28f4066-5c6d-479b-a2af-85dc1a8f16fb',
    'canceled_at': None,
    'client_order_id': '036c7b62-e5e3-4843-a2c3-b2dcaaff09c6',
    'created_at': '2024-06-21T19:50:00.389871859Z',
    'expired_at': None,
    'extended_hours': False,
    'failed_at': None,
    'filled_at': None,
    'filled_avg_price': None,
    'filled_qty': '0',
    'hwm': '544.3',
    'id': 'e9b334d0-f698-4081-a4a8-6e9e5aefcb3a',
    'legs': None,
    'limit_price': None,
    'notional': None,
    'order_class': '',
    'order_type': 'trailing_stop',
    'qty': '1',
    'replaced_at': None,
    'replaced_by': None,
    'replaces': None,
    'side': 'sell',
    'source': None,
    'status': 'new',
    'stop_price': '541.5785',
    'submitted_at': '2024-06-21T19:50:00.389871859Z',
    'subtag': None,
    'symbol': 'SPY',
    'time_in_force': 'day',
    'trail_percent': '0.5',
    'trail_price': None,
    'type': 'trailing_stop',
    'updated_at': '2024-06-21T19:50:00.390543669Z'})
2024-06-21 20:51:00,880 - INFO - Received new bar data: 544.245
2024-06-21 20:51:00,880 - INFO - Generated signal: 1 based on returns: 9.187123327869529e-06
2024-06-21 20:51:01,000 - INFO - Executing Buy for SPY at 544.9
2024-06-21 20:51:01,099 - INFO - Order submitted: Order({   'asset_class': 'us_equity',
    'asset_id': 'b28f4066-5c6d-479b-a2af-85dc1a8f16fb',
    'canceled_at': None,
    'client_order_id': '0ab5be6c-a394-4015-8380-9c4c87f96d24',
    'created_at': '2024-06-21T19:51:00.515914094Z',
    'expired_at': None,
    'extended_hours': False,
    'failed_at': None,
    'filled_at': None,
    'filled_avg_price': None,
    'filled_qty': '0',
    'hwm': None,
    'id': '4b872130-9baf-4c20-9ea0-3f8c9a53a5ad',
    'legs': None,
    'limit_price': None,
    'notional': None,
    'order_class': '',
    'order_type': 'market',
    'qty': '1',
    'replaced_at': None,
    'replaced_by': None,
    'replaces': None,
    'side': 'buy',
    'source': None,
    'status': 'pending_new',
    'stop_price': None,
    'submitted_at': '2024-06-21T19:51:00.515914094Z',
    'subtag': None,
    'symbol': 'SPY',
    'time_in_force': 'day',
    'trail_percent': None,
    'trail_price': None,
    'type': 'market',
    'updated_at': '2024-06-21T19:51:00.516736474Z'})
2024-06-21 20:52:00,698 - INFO - Received new bar data: 544.59
2024-06-21 20:52:00,698 - INFO - Generated signal: 1 based on returns: 0.0006339056858584158
2024-06-21 20:52:00,797 - INFO - Executing Buy for SPY at 544.9
2024-06-21 20:52:00,892 - INFO - Order submitted: Order({   'asset_class': 'us_equity',
    'asset_id': 'b28f4066-5c6d-479b-a2af-85dc1a8f16fb',
    'canceled_at': None,
    'client_order_id': '8793f0fd-83e9-4dbd-b4c2-33e20836c7c0',
    'created_at': '2024-06-21T19:52:00.308939848Z',
    'expired_at': None,
    'extended_hours': False,
    'failed_at': None,
    'filled_at': None,
    'filled_avg_price': None,
    'filled_qty': '0',
    'hwm': None,
    'id': '3e337846-229b-4142-b430-2a42b13df707',
    'legs': None,
    'limit_price': None,
    'notional': None,
    'order_class': '',
    'order_type': 'market',
    'qty': '1',
    'replaced_at': None,
    'replaced_by': None,
    'replaces': None,
    'side': 'buy',
    'source': None,
    'status': 'pending_new',
    'stop_price': None,
    'submitted_at': '2024-06-21T19:52:00.308939848Z',
    'subtag': None,
    'symbol': 'SPY',
    'time_in_force': 'day',
    'trail_percent': None,
    'trail_price': None,
    'type': 'market',
    'updated_at': '2024-06-21T19:52:00.309743418Z'})
2024-06-21 20:53:00,789 - INFO - Received new bar data: 544.74
2024-06-21 20:53:00,789 - INFO - Generated signal: 1 based on returns: 0.00027543656695860896
2024-06-21 20:53:00,899 - INFO - Executing Buy for SPY at 544.9
2024-06-21 20:53:00,994 - INFO - Order submitted: Order({   'asset_class': 'us_equity',
    'asset_id': 'b28f4066-5c6d-479b-a2af-85dc1a8f16fb',
    'canceled_at': None,
    'client_order_id': '8a2e4206-8baf-4ff6-844c-67d8476f7885',
    'created_at': '2024-06-21T19:53:00.413711735Z',
    'expired_at': None,
    'extended_hours': False,
    'failed_at': None,
    'filled_at': None,
    'filled_avg_price': None,
    'filled_qty': '0',
    'hwm': None,
    'id': '7f603b4d-69d7-40dd-9e1e-3c6db00d9f1e',
    'legs': None,
    'limit_price': None,
    'notional': None,
    'order_class': '',
    'order_type': 'market',
    'qty': '1',
    'replaced_at': None,
    'replaced_by': None,
    'replaces': None,
    'side': 'buy',
    'source': None,
    'status': 'pending_new',
    'stop_price': None,
    'submitted_at': '2024-06-21T19:53:00.413711735Z',
    'subtag': None,
    'symbol': 'SPY',
    'time_in_force': 'day',
    'trail_percent': None,
    'trail_price': None,
    'type': 'market',
    'updated_at': '2024-06-21T19:53:00.414678055Z'})
2024-06-25 14:47:00,234 - INFO - Manual order response: Order({   'asset_class': 'us_equity',
    'asset_id': 'b28f4066-5c6d-479b-a2af-85dc1a8f16fb',
    'canceled_at': None,
    'client_order_id': '2e192b64-4f29-4ac7-b6d4-e580adc597b6',
    'created_at': '2024-06-25T13:46:59.476870387Z',
    'expired_at': None,
    'extended_hours': False,
    'failed_at': None,
    'filled_at': None,
    'filled_avg_price': None,
    'filled_qty': '0',
    'hwm': None,
    'id': '74c03a4d-da8d-4eb7-a953-6af27368e13d',
    'legs': None,
    'limit_price': None,
    'notional': None,
    'order_class': '',
    'order_type': 'market',
    'qty': '1',
    'replaced_at': None,
    'replaced_by': None,
    'replaces': None,
    'side': 'buy',
    'source': None,
    'status': 'pending_new',
    'stop_price': None,
    'submitted_at': '2024-06-25T13:46:59.476870387Z',
    'subtag': None,
    'symbol': 'SPY',
    'time_in_force': 'day',
    'trail_percent': None,
    'trail_price': None,
    'type': 'market',
    'updated_at': '2024-06-25T13:46:59.477676147Z'})
2024-06-25 14:47:01,503 - INFO - Order Status for 74c03a4d-da8d-4eb7-a953-6af27368e13d: filled
2024-06-25 14:47:02,447 - INFO - started stock data stream
2024-06-25 14:47:02,447 - INFO - starting stock data websocket connection
2024-06-25 14:47:02,980 - INFO - connected to: wss://stream.data.alpaca.markets/v2/iex
2024-06-25 14:47:03,189 - INFO - subscribed to trades: [], quotes: [], bars: ['SPY'], updatedBars: [], dailyBars: [], statuses: [], lulds: [], cancelErrors: [], corrections: []
2024-06-25 14:48:00,839 - INFO - Received new bar data: 543.635
2024-06-25 14:49:00,839 - INFO - Received new bar data: 543.545
2024-06-25 14:50:00,843 - INFO - Received new bar data: 543.58
2024-06-25 14:51:00,836 - INFO - Received new bar data: 543.73
2024-06-25 14:51:00,843 - INFO - Generated signal: 1 based on returns: 0.0002759483424703557
2024-06-25 14:51:01,121 - INFO - Executing Buy for SPY at 542.64
2024-06-25 14:51:01,486 - INFO - Order submitted: Order({   'asset_class': 'us_equity',
    'asset_id': 'b28f4066-5c6d-479b-a2af-85dc1a8f16fb',
    'canceled_at': None,
    'client_order_id': '269c5fca-0068-4e25-8503-33771806db08',
    'created_at': '2024-06-25T13:51:00.727567212Z',
    'expired_at': None,
    'extended_hours': False,
    'failed_at': None,
    'filled_at': None,
    'filled_avg_price': None,
    'filled_qty': '0',
    'hwm': None,
    'id': '47d09ae1-55e2-4f40-958f-89cb3032f938',
    'legs': None,
    'limit_price': None,
    'notional': None,
    'order_class': '',
    'order_type': 'market',
    'qty': '1',
    'replaced_at': None,
    'replaced_by': None,
    'replaces': None,
    'side': 'buy',
    'source': None,
    'status': 'pending_new',
    'stop_price': None,
    'submitted_at': '2024-06-25T13:51:00.727567212Z',
    'subtag': None,
    'symbol': 'SPY',
    'time_in_force': 'day',
    'trail_percent': None,
    'trail_price': None,
    'type': 'market',
    'updated_at': '2024-06-25T13:51:00.728418422Z'})
2024-06-25 14:52:00,844 - INFO - Received new bar data: 543.605
2024-06-25 14:52:00,845 - INFO - Generated signal: -1 based on returns: -0.00022989351332458607
2024-06-25 14:52:00,943 - INFO - Executing Sell for SPY at 542.64
2024-06-25 14:52:01,034 - INFO - Order submitted: Order({   'asset_class': 'us_equity',
    'asset_id': 'b28f4066-5c6d-479b-a2af-85dc1a8f16fb',
    'canceled_at': None,
    'client_order_id': 'd9394a33-87e2-4520-a5fd-acd5c5b2e009',
    'created_at': '2024-06-25T13:52:00.28050115Z',
    'expired_at': None,
    'extended_hours': False,
    'failed_at': None,
    'filled_at': None,
    'filled_avg_price': None,
    'filled_qty': '0',
    'hwm': '543.69',
    'id': 'c438f742-ba1d-422e-a206-3397056f2f84',
    'legs': None,
    'limit_price': None,
    'notional': None,
    'order_class': '',
    'order_type': 'trailing_stop',
    'qty': '1',
    'replaced_at': None,
    'replaced_by': None,
    'replaces': None,
    'side': 'sell',
    'source': None,
    'status': 'new',
    'stop_price': '540.97155',
    'submitted_at': '2024-06-25T13:52:00.28050115Z',
    'subtag': None,
    'symbol': 'SPY',
    'time_in_force': 'day',
    'trail_percent': '0.5',
    'trail_price': None,
    'type': 'trailing_stop',
    'updated_at': '2024-06-25T13:52:00.28115767Z'})
2024-06-25 14:53:00,836 - INFO - Received new bar data: 543.67
2024-06-25 14:53:00,837 - INFO - Generated signal: 1 based on returns: 0.00011957211578250693
2024-06-25 14:53:00,933 - INFO - Executing Buy for SPY at 542.64
2024-06-25 14:53:01,024 - INFO - Order submitted: Order({   'asset_class': 'us_equity',
    'asset_id': 'b28f4066-5c6d-479b-a2af-85dc1a8f16fb',
    'canceled_at': None,
    'client_order_id': 'ad257555-db3c-4e5d-bb51-77148c7a6f8b',
    'created_at': '2024-06-25T13:53:00.269695809Z',
    'expired_at': None,
    'extended_hours': False,
    'failed_at': None,
    'filled_at': None,
    'filled_avg_price': None,
    'filled_qty': '0',
    'hwm': None,
    'id': '7ad8f80e-f458-47af-82cb-bb60d4d2817a',
    'legs': None,
    'limit_price': None,
    'notional': None,
    'order_class': '',
    'order_type': 'market',
    'qty': '1',
    'replaced_at': None,
    'replaced_by': None,
    'replaces': None,
    'side': 'buy',
    'source': None,
    'status': 'pending_new',
    'stop_price': None,
    'submitted_at': '2024-06-25T13:53:00.269695809Z',
    'subtag': None,
    'symbol': 'SPY',
    'time_in_force': 'day',
    'trail_percent': None,
    'trail_price': None,
    'type': 'market',
    'updated_at': '2024-06-25T13:53:00.270456259Z'})
2024-06-25 14:54:00,830 - INFO - Received new bar data: 543.64
2024-06-25 14:54:00,831 - INFO - Generated signal: -1 based on returns: -5.5180532308130026e-05
2024-06-25 14:54:00,926 - INFO - Executing Sell for SPY at 542.64
2024-06-25 14:54:01,022 - INFO - Order submitted: Order({   'asset_class': 'us_equity',
    'asset_id': 'b28f4066-5c6d-479b-a2af-85dc1a8f16fb',
    'canceled_at': None,
    'client_order_id': '66e424ff-d5ac-4d13-8899-3af2635192aa',
    'created_at': '2024-06-25T13:54:00.269056077Z',
    'expired_at': None,
    'extended_hours': False,
    'failed_at': None,
    'filled_at': None,
    'filled_avg_price': None,
    'filled_qty': '0',
    'hwm': '543.62',
    'id': 'c27613c2-01c5-4ed5-9377-3ef1de76555c',
    'legs': None,
    'limit_price': None,
    'notional': None,
    'order_class': '',
    'order_type': 'trailing_stop',
    'qty': '1',
    'replaced_at': None,
    'replaced_by': None,
    'replaces': None,
    'side': 'sell',
    'source': None,
    'status': 'new',
    'stop_price': '540.9019',
    'submitted_at': '2024-06-25T13:54:00.269056077Z',
    'subtag': None,
    'symbol': 'SPY',
    'time_in_force': 'day',
    'trail_percent': '0.5',
    'trail_price': None,
    'type': 'trailing_stop',
    'updated_at': '2024-06-25T13:54:00.269648007Z'})
2024-06-25 14:55:00,843 - INFO - Received new bar data: 543.565
2024-06-25 14:55:00,844 - INFO - Generated signal: -1 based on returns: -0.00013795894341828152
2024-06-25 14:55:00,939 - INFO - Executing Sell for SPY at 542.64
2024-06-25 14:55:01,031 - INFO - Order submitted: Order({   'asset_class': 'us_equity',
    'asset_id': 'b28f4066-5c6d-479b-a2af-85dc1a8f16fb',
    'canceled_at': None,
    'client_order_id': 'c37a55ac-bc0f-41c8-8fc4-9a8b4519f224',
    'created_at': '2024-06-25T13:55:00.278485585Z',
    'expired_at': None,
    'extended_hours': False,
    'failed_at': None,
    'filled_at': None,
    'filled_avg_price': None,
    'filled_qty': '0',
    'hwm': '543.3401',
    'id': '8c590559-b0f8-406a-875f-6e7bee18b5b3',
    'legs': None,
    'limit_price': None,
    'notional': None,
    'order_class': '',
    'order_type': 'trailing_stop',
    'qty': '1',
    'replaced_at': None,
    'replaced_by': None,
    'replaces': None,
    'side': 'sell',
    'source': None,
    'status': 'new',
    'stop_price': '540.6233995',
    'submitted_at': '2024-06-25T13:55:00.278485585Z',
    'subtag': None,
    'symbol': 'SPY',
    'time_in_force': 'day',
    'trail_percent': '0.5',
    'trail_price': None,
    'type': 'trailing_stop',
    'updated_at': '2024-06-25T13:55:00.279102045Z'})
2024-06-25 14:56:00,839 - INFO - Received new bar data: 543.13
2024-06-25 14:56:00,841 - INFO - Generated signal: -1 based on returns: -0.0008002722765447778
2024-06-25 14:56:00,935 - INFO - Executing Sell for SPY at 542.64
2024-06-25 14:56:01,026 - INFO - Order submitted: Order({   'asset_class': 'us_equity',
    'asset_id': 'b28f4066-5c6d-479b-a2af-85dc1a8f16fb',
    'canceled_at': None,
    'client_order_id': 'd20a3223-566f-41c2-ba43-a6d61a31ab4c',
    'created_at': '2024-06-25T13:56:00.272129024Z',
    'expired_at': None,
    'extended_hours': False,
    'failed_at': None,
    'filled_at': None,
    'filled_avg_price': None,
    'filled_qty': '0',
    'hwm': '543.35',
    'id': '1362a708-1f70-49a6-b1c5-22a49d9bcd37',
    'legs': None,
    'limit_price': None,
    'notional': None,
    'order_class': '',
    'order_type': 'trailing_stop',
    'qty': '1',
    'replaced_at': None,
    'replaced_by': None,
    'replaces': None,
    'side': 'sell',
    'source': None,
    'status': 'new',
    'stop_price': '540.63325',
    'submitted_at': '2024-06-25T13:56:00.272129024Z',
    'subtag': None,
    'symbol': 'SPY',
    'time_in_force': 'day',
    'trail_percent': '0.5',
    'trail_price': None,
    'type': 'trailing_stop',
    'updated_at': '2024-06-25T13:56:00.272698914Z'})
2024-06-25 14:58:00,841 - INFO - Received new bar data: 543.24
2024-06-25 14:58:00,858 - INFO - Generated signal: 1 based on returns: 0.00020252978108370456
2024-06-25 14:58:01,247 - INFO - Executing Buy for SPY at 542.64
2024-06-25 14:58:01,532 - INFO - Order submitted: Order({   'asset_class': 'us_equity',
    'asset_id': 'b28f4066-5c6d-479b-a2af-85dc1a8f16fb',
    'canceled_at': None,
    'client_order_id': '87c04a15-d95f-4df4-84cc-2431f302e6c0',
    'created_at': '2024-06-25T13:58:00.777643686Z',
    'expired_at': None,
    'extended_hours': False,
    'failed_at': None,
    'filled_at': None,
    'filled_avg_price': None,
    'filled_qty': '0',
    'hwm': None,
    'id': '36a48166-eaf3-422e-8d06-7da426e1f448',
    'legs': None,
    'limit_price': None,
    'notional': None,
    'order_class': '',
    'order_type': 'market',
    'qty': '1',
    'replaced_at': None,
    'replaced_by': None,
    'replaces': None,
    'side': 'buy',
    'source': None,
    'status': 'pending_new',
    'stop_price': None,
    'submitted_at': '2024-06-25T13:58:00.777643686Z',
    'subtag': None,
    'symbol': 'SPY',
    'time_in_force': 'day',
    'trail_percent': None,
    'trail_price': None,
    'type': 'market',
    'updated_at': '2024-06-25T13:58:00.778407306Z'})
2024-06-25 14:59:00,841 - INFO - Received new bar data: 543.28
2024-06-25 14:59:00,843 - INFO - Generated signal: 1 based on returns: 7.363228039158898e-05
2024-06-25 14:59:00,936 - INFO - Executing Buy for SPY at 542.64
2024-06-25 14:59:01,027 - INFO - Order submitted: Order({   'asset_class': 'us_equity',
    'asset_id': 'b28f4066-5c6d-479b-a2af-85dc1a8f16fb',
    'canceled_at': None,
    'client_order_id': '2e0ad6ae-326a-4bd6-9df7-7c4ee02cf4ec',
    'created_at': '2024-06-25T13:59:00.274225169Z',
    'expired_at': None,
    'extended_hours': False,
    'failed_at': None,
    'filled_at': None,
    'filled_avg_price': None,
    'filled_qty': '0',
    'hwm': None,
    'id': '5904fef6-e8e8-484d-8dff-fbe4723547e0',
    'legs': None,
    'limit_price': None,
    'notional': None,
    'order_class': '',
    'order_type': 'market',
    'qty': '1',
    'replaced_at': None,
    'replaced_by': None,
    'replaces': None,
    'side': 'buy',
    'source': None,
    'status': 'pending_new',
    'stop_price': None,
    'submitted_at': '2024-06-25T13:59:00.274225169Z',
    'subtag': None,
    'symbol': 'SPY',
    'time_in_force': 'day',
    'trail_percent': None,
    'trail_price': None,
    'type': 'market',
    'updated_at': '2024-06-25T13:59:00.274973959Z'})
2024-06-25 15:01:00,841 - INFO - Received new bar data: 543.46
2024-06-25 15:01:00,842 - INFO - Generated signal: 1 based on returns: 0.0003313208658519695
2024-06-25 15:01:01,132 - INFO - Executing Buy for SPY at 542.64
2024-06-25 15:01:01,446 - INFO - Order submitted: Order({   'asset_class': 'us_equity',
    'asset_id': 'b28f4066-5c6d-479b-a2af-85dc1a8f16fb',
    'canceled_at': None,
    'client_order_id': 'faf16882-d95a-403a-8d5d-ee28eb2faab9',
    'created_at': '2024-06-25T14:01:00.693140744Z',
    'expired_at': None,
    'extended_hours': False,
    'failed_at': None,
    'filled_at': None,
    'filled_avg_price': None,
    'filled_qty': '0',
    'hwm': None,
    'id': '1882ccc2-6fd6-49ee-9573-fee2287a373a',
    'legs': None,
    'limit_price': None,
    'notional': None,
    'order_class': '',
    'order_type': 'market',
    'qty': '1',
    'replaced_at': None,
    'replaced_by': None,
    'replaces': None,
    'side': 'buy',
    'source': None,
    'status': 'pending_new',
    'stop_price': None,
    'submitted_at': '2024-06-25T14:01:00.693140744Z',
    'subtag': None,
    'symbol': 'SPY',
    'time_in_force': 'day',
    'trail_percent': None,
    'trail_price': None,
    'type': 'market',
    'updated_at': '2024-06-25T14:01:00.693972984Z'})
2024-06-25 15:02:00,758 - INFO - Received new bar data: 543.43
2024-06-25 15:02:00,760 - INFO - Generated signal: -1 based on returns: -5.520185478247175e-05
2024-06-25 15:02:00,858 - INFO - Executing Sell for SPY at 542.64
2024-06-25 15:02:00,949 - INFO - Order submitted: Order({   'asset_class': 'us_equity',
    'asset_id': 'b28f4066-5c6d-479b-a2af-85dc1a8f16fb',
    'canceled_at': None,
    'client_order_id': '8fa713d2-bc7b-47e8-b880-07e04f029133',
    'created_at': '2024-06-25T14:02:00.197498513Z',
    'expired_at': None,
    'extended_hours': False,
    'failed_at': None,
    'filled_at': None,
    'filled_avg_price': None,
    'filled_qty': '0',
    'hwm': '543.35',
    'id': '2cfe2a46-c88f-43cb-ba35-14418a753424',
    'legs': None,
    'limit_price': None,
    'notional': None,
    'order_class': '',
    'order_type': 'trailing_stop',
    'qty': '1',
    'replaced_at': None,
    'replaced_by': None,
    'replaces': None,
    'side': 'sell',
    'source': None,
    'status': 'new',
    'stop_price': '540.63325',
    'submitted_at': '2024-06-25T14:02:00.197498513Z',
    'subtag': None,
    'symbol': 'SPY',
    'time_in_force': 'day',
    'trail_percent': '0.5',
    'trail_price': None,
    'type': 'trailing_stop',
    'updated_at': '2024-06-25T14:02:00.198105243Z'})
2024-06-25 15:04:00,843 - INFO - Received new bar data: 543.515
2024-06-25 15:04:00,844 - INFO - Generated signal: 1 based on returns: 0.00015641388955356383
2024-06-25 15:04:01,140 - INFO - Executing Buy for SPY at 542.64
2024-06-25 15:04:01,438 - INFO - Order submitted: Order({   'asset_class': 'us_equity',
    'asset_id': 'b28f4066-5c6d-479b-a2af-85dc1a8f16fb',
    'canceled_at': None,
    'client_order_id': '5415b528-95ea-440b-9a68-0dcdf1764194',
    'created_at': '2024-06-25T14:04:00.688008461Z',
    'expired_at': None,
    'extended_hours': False,
    'failed_at': None,
    'filled_at': None,
    'filled_avg_price': None,
    'filled_qty': '0',
    'hwm': None,
    'id': '1e10b4f0-7232-4195-8849-85ecc2c5ae5b',
    'legs': None,
    'limit_price': None,
    'notional': None,
    'order_class': '',
    'order_type': 'market',
    'qty': '1',
    'replaced_at': None,
    'replaced_by': None,
    'replaces': None,
    'side': 'buy',
    'source': None,
    'status': 'pending_new',
    'stop_price': None,
    'submitted_at': '2024-06-25T14:04:00.688008461Z',
    'subtag': None,
    'symbol': 'SPY',
    'time_in_force': 'day',
    'trail_percent': None,
    'trail_price': None,
    'type': 'market',
    'updated_at': '2024-06-25T14:04:00.688792051Z'})
2024-06-25 15:05:00,844 - INFO - Received new bar data: 543.815
2024-06-25 15:05:00,845 - INFO - Generated signal: 1 based on returns: 0.0005519626873224937
2024-06-25 15:05:00,942 - INFO - Executing Buy for SPY at 542.64
2024-06-25 15:05:01,033 - INFO - Order submitted: Order({   'asset_class': 'us_equity',
    'asset_id': 'b28f4066-5c6d-479b-a2af-85dc1a8f16fb',
    'canceled_at': None,
    'client_order_id': '082ac9d4-68f5-4efc-8da0-1d90aa789f63',
    'created_at': '2024-06-25T14:05:00.280111422Z',
    'expired_at': None,
    'extended_hours': False,
    'failed_at': None,
    'filled_at': None,
    'filled_avg_price': None,
    'filled_qty': '0',
    'hwm': None,
    'id': '50f97390-b5b2-41d8-8186-5b338234aa51',
    'legs': None,
    'limit_price': None,
    'notional': None,
    'order_class': '',
    'order_type': 'market',
    'qty': '1',
    'replaced_at': None,
    'replaced_by': None,
    'replaces': None,
    'side': 'buy',
    'source': None,
    'status': 'pending_new',
    'stop_price': None,
    'submitted_at': '2024-06-25T14:05:00.280111422Z',
    'subtag': None,
    'symbol': 'SPY',
    'time_in_force': 'day',
    'trail_percent': None,
    'trail_price': None,
    'type': 'market',
    'updated_at': '2024-06-25T14:05:00.280850782Z'})
2024-06-25 15:06:00,832 - INFO - Received new bar data: 543.83
2024-06-25 15:06:00,835 - INFO - Generated signal: 1 based on returns: 2.7582909629231267e-05
2024-06-25 15:06:00,933 - INFO - Executing Buy for SPY at 542.64
2024-06-25 15:06:01,026 - INFO - Order submitted: Order({   'asset_class': 'us_equity',
    'asset_id': 'b28f4066-5c6d-479b-a2af-85dc1a8f16fb',
    'canceled_at': None,
    'client_order_id': '1b54cfcd-ad59-45a9-b20a-2ff6f75c2a25',
    'created_at': '2024-06-25T14:06:00.276070338Z',
    'expired_at': None,
    'extended_hours': False,
    'failed_at': None,
    'filled_at': None,
    'filled_avg_price': None,
    'filled_qty': '0',
    'hwm': None,
    'id': '937613ed-a463-418b-8ad1-39bde94a3bdf',
    'legs': None,
    'limit_price': None,
    'notional': None,
    'order_class': '',
    'order_type': 'market',
    'qty': '1',
    'replaced_at': None,
    'replaced_by': None,
    'replaces': None,
    'side': 'buy',
    'source': None,
    'status': 'pending_new',
    'stop_price': None,
    'submitted_at': '2024-06-25T14:06:00.276070338Z',
    'subtag': None,
    'symbol': 'SPY',
    'time_in_force': 'day',
    'trail_percent': None,
    'trail_price': None,
    'type': 'market',
    'updated_at': '2024-06-25T14:06:00.276902548Z'})
2024-06-25 15:07:00,841 - INFO - Received new bar data: 543.765
2024-06-25 15:07:00,842 - INFO - Generated signal: -1 based on returns: -0.0001195226449443032
2024-06-25 15:07:00,935 - INFO - Executing Sell for SPY at 542.64
2024-06-25 15:07:01,026 - INFO - Order submitted: Order({   'asset_class': 'us_equity',
    'asset_id': 'b28f4066-5c6d-479b-a2af-85dc1a8f16fb',
    'canceled_at': None,
    'client_order_id': '8524d40c-b964-4250-ae77-efdac4e5abab',
    'created_at': '2024-06-25T14:07:00.276512473Z',
    'expired_at': None,
    'extended_hours': False,
    'failed_at': None,
    'filled_at': None,
    'filled_avg_price': None,
    'filled_qty': '0',
    'hwm': '543.82',
    'id': '3a0bf60f-9657-4373-9800-19144c997014',
    'legs': None,
    'limit_price': None,
    'notional': None,
    'order_class': '',
    'order_type': 'trailing_stop',
    'qty': '1',
    'replaced_at': None,
    'replaced_by': None,
    'replaces': None,
    'side': 'sell',
    'source': None,
    'status': 'new',
    'stop_price': '541.1009',
    'submitted_at': '2024-06-25T14:07:00.276512473Z',
    'subtag': None,
    'symbol': 'SPY',
    'time_in_force': 'day',
    'trail_percent': '0.5',
    'trail_price': None,
    'type': 'trailing_stop',
    'updated_at': '2024-06-25T14:07:00.277102943Z'})
2024-06-25 15:08:00,833 - INFO - Received new bar data: 543.815
2024-06-25 15:08:00,834 - INFO - Generated signal: 1 based on returns: 9.195148639595807e-05
2024-06-25 15:08:00,925 - INFO - Executing Buy for SPY at 542.64
2024-06-25 15:08:01,015 - INFO - Order submitted: Order({   'asset_class': 'us_equity',
    'asset_id': 'b28f4066-5c6d-479b-a2af-85dc1a8f16fb',
    'canceled_at': None,
    'client_order_id': '8cd3f630-f33b-4eae-839e-1cd757b95e5b',
    'created_at': '2024-06-25T14:08:00.266500339Z',
    'expired_at': None,
    'extended_hours': False,
    'failed_at': None,
    'filled_at': None,
    'filled_avg_price': None,
    'filled_qty': '0',
    'hwm': None,
    'id': 'b32cb406-61b1-4b8b-af6e-fdcf4522a566',
    'legs': None,
    'limit_price': None,
    'notional': None,
    'order_class': '',
    'order_type': 'market',
    'qty': '1',
    'replaced_at': None,
    'replaced_by': None,
    'replaces': None,
    'side': 'buy',
    'source': None,
    'status': 'pending_new',
    'stop_price': None,
    'submitted_at': '2024-06-25T14:08:00.266500339Z',
    'subtag': None,
    'symbol': 'SPY',
    'time_in_force': 'day',
    'trail_percent': None,
    'trail_price': None,
    'type': 'market',
    'updated_at': '2024-06-25T14:08:00.267279199Z'})
2024-06-25 15:09:00,839 - INFO - Received new bar data: 543.71
2024-06-25 15:09:00,840 - INFO - Generated signal: -1 based on returns: -0.00019308036740439682
2024-06-25 15:09:00,933 - INFO - Executing Sell for SPY at 542.64
2024-06-25 15:09:01,032 - INFO - Order submitted: Order({   'asset_class': 'us_equity',
    'asset_id': 'b28f4066-5c6d-479b-a2af-85dc1a8f16fb',
    'canceled_at': None,
    'client_order_id': '254f149e-954d-402f-a525-458952909cfb',
    'created_at': '2024-06-25T14:09:00.277002514Z',
    'expired_at': None,
    'extended_hours': False,
    'failed_at': None,
    'filled_at': None,
    'filled_avg_price': None,
    'filled_qty': '0',
    'hwm': '543.735',
    'id': 'bf8f673b-233c-42b7-8b9f-85cc28b49e3a',
    'legs': None,
    'limit_price': None,
    'notional': None,
    'order_class': '',
    'order_type': 'trailing_stop',
    'qty': '1',
    'replaced_at': None,
    'replaced_by': None,
    'replaces': None,
    'side': 'sell',
    'source': None,
    'status': 'new',
    'stop_price': '541.016325',
    'submitted_at': '2024-06-25T14:09:00.277002514Z',
    'subtag': None,
    'symbol': 'SPY',
    'time_in_force': 'day',
    'trail_percent': '0.5',
    'trail_price': None,
    'type': 'trailing_stop',
    'updated_at': '2024-06-25T14:09:00.277603523Z'})
2024-06-25 15:10:00,845 - INFO - Received new bar data: 543.815
2024-06-25 15:10:00,845 - INFO - Generated signal: 1 based on returns: 0.0001931176546321467
2024-06-25 15:10:00,947 - INFO - Executing Buy for SPY at 542.64
2024-06-25 15:10:01,040 - INFO - Order submitted: Order({   'asset_class': 'us_equity',
    'asset_id': 'b28f4066-5c6d-479b-a2af-85dc1a8f16fb',
    'canceled_at': None,
    'client_order_id': '09082a1f-70d5-4f59-b195-d02e4a44c3ae',
    'created_at': '2024-06-25T14:10:00.292727657Z',
    'expired_at': None,
    'extended_hours': False,
    'failed_at': None,
    'filled_at': None,
    'filled_avg_price': None,
    'filled_qty': '0',
    'hwm': None,
    'id': 'b37468eb-0481-408e-964f-625c2e35a4ff',
    'legs': None,
    'limit_price': None,
    'notional': None,
    'order_class': '',
    'order_type': 'market',
    'qty': '1',
    'replaced_at': None,
    'replaced_by': None,
    'replaces': None,
    'side': 'buy',
    'source': None,
    'status': 'pending_new',
    'stop_price': None,
    'submitted_at': '2024-06-25T14:10:00.292727657Z',
    'subtag': None,
    'symbol': 'SPY',
    'time_in_force': 'day',
    'trail_percent': None,
    'trail_price': None,
    'type': 'market',
    'updated_at': '2024-06-25T14:10:00.293568537Z'})
2024-06-25 15:11:00,839 - INFO - Received new bar data: 543.935
2024-06-25 15:11:00,840 - INFO - Generated signal: 1 based on returns: 0.00022066327703340605
2024-06-25 15:11:00,934 - INFO - Executing Buy for SPY at 542.64
2024-06-25 15:11:01,024 - INFO - Order submitted: Order({   'asset_class': 'us_equity',
    'asset_id': 'b28f4066-5c6d-479b-a2af-85dc1a8f16fb',
    'canceled_at': None,
    'client_order_id': 'b12f0ee0-d1eb-41d0-83c5-945a61afab95',
    'created_at': '2024-06-25T14:11:00.275663774Z',
    'expired_at': None,
    'extended_hours': False,
    'failed_at': None,
    'filled_at': None,
    'filled_avg_price': None,
    'filled_qty': '0',
    'hwm': None,
    'id': '9ba68f68-183a-425b-b65f-6d7e821b9e10',
    'legs': None,
    'limit_price': None,
    'notional': None,
    'order_class': '',
    'order_type': 'market',
    'qty': '1',
    'replaced_at': None,
    'replaced_by': None,
    'replaces': None,
    'side': 'buy',
    'source': None,
    'status': 'pending_new',
    'stop_price': None,
    'submitted_at': '2024-06-25T14:11:00.275663774Z',
    'subtag': None,
    'symbol': 'SPY',
    'time_in_force': 'day',
    'trail_percent': None,
    'trail_price': None,
    'type': 'market',
    'updated_at': '2024-06-25T14:11:00.276396614Z'})
2024-06-25 15:12:00,836 - INFO - Received new bar data: 543.995
2024-06-25 15:12:00,839 - INFO - Generated signal: 1 based on returns: 0.00011030729774708092
2024-06-25 15:12:00,932 - INFO - Executing Buy for SPY at 542.64
2024-06-25 15:12:01,027 - INFO - Order submitted: Order({   'asset_class': 'us_equity',
    'asset_id': 'b28f4066-5c6d-479b-a2af-85dc1a8f16fb',
    'canceled_at': None,
    'client_order_id': 'cc495692-8377-479f-935b-e9d2d3786808',
    'created_at': '2024-06-25T14:12:00.278271069Z',
    'expired_at': None,
    'extended_hours': False,
    'failed_at': None,
    'filled_at': None,
    'filled_avg_price': None,
    'filled_qty': '0',
    'hwm': None,
    'id': 'cca85dea-4a9f-472e-9d83-e50dd7d467dd',
    'legs': None,
    'limit_price': None,
    'notional': None,
    'order_class': '',
    'order_type': 'market',
    'qty': '1',
    'replaced_at': None,
    'replaced_by': None,
    'replaces': None,
    'side': 'buy',
    'source': None,
    'status': 'pending_new',
    'stop_price': None,
    'submitted_at': '2024-06-25T14:12:00.278271069Z',
    'subtag': None,
    'symbol': 'SPY',
    'time_in_force': 'day',
    'trail_percent': None,
    'trail_price': None,
    'type': 'market',
    'updated_at': '2024-06-25T14:12:00.279024909Z'})
2024-06-25 15:13:00,846 - INFO - Received new bar data: 543.995
2024-06-25 15:13:00,847 - INFO - Generated signal: -1 based on returns: 0.0
2024-06-25 15:13:00,939 - INFO - Executing Sell for SPY at 542.64
2024-06-25 15:13:01,032 - INFO - Order submitted: Order({   'asset_class': 'us_equity',
    'asset_id': 'b28f4066-5c6d-479b-a2af-85dc1a8f16fb',
    'canceled_at': None,
    'client_order_id': 'bf07d3cf-d236-475e-a5cd-30ea5d876c77',
    'created_at': '2024-06-25T14:13:00.280601405Z',
    'expired_at': None,
    'extended_hours': False,
    'failed_at': None,
    'filled_at': None,
    'filled_avg_price': None,
    'filled_qty': '0',
    'hwm': '543.975',
    'id': 'af32ce98-4465-4201-9836-0fae6c06620c',
    'legs': None,
    'limit_price': None,
    'notional': None,
    'order_class': '',
    'order_type': 'trailing_stop',
    'qty': '1',
    'replaced_at': None,
    'replaced_by': None,
    'replaces': None,
    'side': 'sell',
    'source': None,
    'status': 'new',
    'stop_price': '541.255125',
    'submitted_at': '2024-06-25T14:13:00.280601405Z',
    'subtag': None,
    'symbol': 'SPY',
    'time_in_force': 'day',
    'trail_percent': '0.5',
    'trail_price': None,
    'type': 'trailing_stop',
    'updated_at': '2024-06-25T14:13:00.281184925Z'})
2024-06-25 15:14:00,840 - INFO - Received new bar data: 544.095
2024-06-25 15:14:00,842 - INFO - Generated signal: 1 based on returns: 0.000183825218981859
2024-06-25 15:14:00,937 - INFO - Executing Buy for SPY at 542.64
2024-06-25 15:14:01,028 - INFO - Order submitted: Order({   'asset_class': 'us_equity',
    'asset_id': 'b28f4066-5c6d-479b-a2af-85dc1a8f16fb',
    'canceled_at': None,
    'client_order_id': '140fa077-3519-4793-9606-d2101cb1b704',
    'created_at': '2024-06-25T14:14:00.27952151Z',
    'expired_at': None,
    'extended_hours': False,
    'failed_at': None,
    'filled_at': None,
    'filled_avg_price': None,
    'filled_qty': '0',
    'hwm': None,
    'id': '33b73adf-9d4c-4ee5-a91b-2627f58d15ce',
    'legs': None,
    'limit_price': None,
    'notional': None,
    'order_class': '',
    'order_type': 'market',
    'qty': '1',
    'replaced_at': None,
    'replaced_by': None,
    'replaces': None,
    'side': 'buy',
    'source': None,
    'status': 'pending_new',
    'stop_price': None,
    'submitted_at': '2024-06-25T14:14:00.27952151Z',
    'subtag': None,
    'symbol': 'SPY',
    'time_in_force': 'day',
    'trail_percent': None,
    'trail_price': None,
    'type': 'market',
    'updated_at': '2024-06-25T14:14:00.28015181Z'})
2024-06-25 15:15:00,842 - INFO - Received new bar data: 544.04
2024-06-25 15:15:00,843 - INFO - Generated signal: -1 based on returns: -0.0001010852884147928
2024-06-25 15:15:00,938 - INFO - Executing Sell for SPY at 542.64
2024-06-25 15:15:01,031 - INFO - Order submitted: Order({   'asset_class': 'us_equity',
    'asset_id': 'b28f4066-5c6d-479b-a2af-85dc1a8f16fb',
    'canceled_at': None,
    'client_order_id': '5ae1aa35-038a-48db-a1c1-6bf707b28696',
    'created_at': '2024-06-25T14:15:00.279673396Z',
    'expired_at': None,
    'extended_hours': False,
    'failed_at': None,
    'filled_at': None,
    'filled_avg_price': None,
    'filled_qty': '0',
    'hwm': '544.1',
    'id': '4b41093b-84ce-44db-ad0d-ef205b565789',
    'legs': None,
    'limit_price': None,
    'notional': None,
    'order_class': '',
    'order_type': 'trailing_stop',
    'qty': '1',
    'replaced_at': None,
    'replaced_by': None,
    'replaces': None,
    'side': 'sell',
    'source': None,
    'status': 'new',
    'stop_price': '541.3795',
    'submitted_at': '2024-06-25T14:15:00.279673396Z',
    'subtag': None,
    'symbol': 'SPY',
    'time_in_force': 'day',
    'trail_percent': '0.5',
    'trail_price': None,
    'type': 'trailing_stop',
    'updated_at': '2024-06-25T14:15:00.280252916Z'})
2024-06-25 15:16:00,840 - INFO - Received new bar data: 544.14
2024-06-25 15:16:00,841 - INFO - Generated signal: 1 based on returns: 0.0001838100139694987
2024-06-25 15:16:00,937 - INFO - Executing Buy for SPY at 542.64
2024-06-25 15:16:01,031 - INFO - Order submitted: Order({   'asset_class': 'us_equity',
    'asset_id': 'b28f4066-5c6d-479b-a2af-85dc1a8f16fb',
    'canceled_at': None,
    'client_order_id': '4c5f6169-7ba1-48c8-87c4-714d2372ddd0',
    'created_at': '2024-06-25T14:16:00.282222691Z',
    'expired_at': None,
    'extended_hours': False,
    'failed_at': None,
    'filled_at': None,
    'filled_avg_price': None,
    'filled_qty': '0',
    'hwm': None,
    'id': '3c8fe28a-aeaf-4d2c-8d29-6fd5458b9e8b',
    'legs': None,
    'limit_price': None,
    'notional': None,
    'order_class': '',
    'order_type': 'market',
    'qty': '1',
    'replaced_at': None,
    'replaced_by': None,
    'replaces': None,
    'side': 'buy',
    'source': None,
    'status': 'pending_new',
    'stop_price': None,
    'submitted_at': '2024-06-25T14:16:00.282222691Z',
    'subtag': None,
    'symbol': 'SPY',
    'time_in_force': 'day',
    'trail_percent': None,
    'trail_price': None,
    'type': 'market',
    'updated_at': '2024-06-25T14:16:00.283113061Z'})
2024-06-25 15:17:00,842 - INFO - Received new bar data: 543.93
2024-06-25 15:17:00,843 - INFO - Generated signal: -1 based on returns: -0.0003859300915206587
2024-06-25 15:17:00,937 - INFO - Executing Sell for SPY at 542.64
2024-06-25 15:17:01,028 - INFO - Order submitted: Order({   'asset_class': 'us_equity',
    'asset_id': 'b28f4066-5c6d-479b-a2af-85dc1a8f16fb',
    'canceled_at': None,
    'client_order_id': 'ac394aa5-eb67-44d9-9fda-1006156bf9c5',
    'created_at': '2024-06-25T14:17:00.281627486Z',
    'expired_at': None,
    'extended_hours': False,
    'failed_at': None,
    'filled_at': None,
    'filled_avg_price': None,
    'filled_qty': '0',
    'hwm': '543.835',
    'id': 'a3fce12e-a3b1-45a8-a17f-bafae03b0b58',
    'legs': None,
    'limit_price': None,
    'notional': None,
    'order_class': '',
    'order_type': 'trailing_stop',
    'qty': '1',
    'replaced_at': None,
    'replaced_by': None,
    'replaces': None,
    'side': 'sell',
    'source': None,
    'status': 'new',
    'stop_price': '541.115825',
    'submitted_at': '2024-06-25T14:17:00.281627486Z',
    'subtag': None,
    'symbol': 'SPY',
    'time_in_force': 'day',
    'trail_percent': '0.5',
    'trail_price': None,
    'type': 'trailing_stop',
    'updated_at': '2024-06-25T14:17:00.282246446Z'})
2024-06-25 15:18:00,830 - INFO - Received new bar data: 543.835
2024-06-25 15:18:00,831 - INFO - Generated signal: -1 based on returns: -0.00017465482690770529
2024-06-25 15:18:00,927 - INFO - Executing Sell for SPY at 542.64
2024-06-25 15:18:01,018 - INFO - Order submitted: Order({   'asset_class': 'us_equity',
    'asset_id': 'b28f4066-5c6d-479b-a2af-85dc1a8f16fb',
    'canceled_at': None,
    'client_order_id': '4eee6202-aa43-45f4-81f5-117e74562de3',
    'created_at': '2024-06-25T14:18:00.271719487Z',
    'expired_at': None,
    'extended_hours': False,
    'failed_at': None,
    'filled_at': None,
    'filled_avg_price': None,
    'filled_qty': '0',
    'hwm': '543.845',
    'id': 'ebc17030-57af-4aea-9853-50b41e34e7b9',
    'legs': None,
    'limit_price': None,
    'notional': None,
    'order_class': '',
    'order_type': 'trailing_stop',
    'qty': '1',
    'replaced_at': None,
    'replaced_by': None,
    'replaces': None,
    'side': 'sell',
    'source': None,
    'status': 'new',
    'stop_price': '541.125775',
    'submitted_at': '2024-06-25T14:18:00.271719487Z',
    'subtag': None,
    'symbol': 'SPY',
    'time_in_force': 'day',
    'trail_percent': '0.5',
    'trail_price': None,
    'type': 'trailing_stop',
    'updated_at': '2024-06-25T14:18:00.272354917Z'})
2024-06-25 15:19:00,851 - INFO - Received new bar data: 543.855
2024-06-25 15:19:00,852 - INFO - Generated signal: 1 based on returns: 3.677586032524438e-05
2024-06-25 15:19:00,943 - INFO - Executing Buy for SPY at 542.64
2024-06-25 15:19:01,036 - INFO - Order submitted: Order({   'asset_class': 'us_equity',
    'asset_id': 'b28f4066-5c6d-479b-a2af-85dc1a8f16fb',
    'canceled_at': None,
    'client_order_id': '4b25c12a-5787-4edc-8190-0cd53d719d1a',
    'created_at': '2024-06-25T14:19:00.289167085Z',
    'expired_at': None,
    'extended_hours': False,
    'failed_at': None,
    'filled_at': None,
    'filled_avg_price': None,
    'filled_qty': '0',
    'hwm': None,
    'id': 'd48f7172-f940-43f6-a04c-ecd80aea6822',
    'legs': None,
    'limit_price': None,
    'notional': None,
    'order_class': '',
    'order_type': 'market',
    'qty': '1',
    'replaced_at': None,
    'replaced_by': None,
    'replaces': None,
    'side': 'buy',
    'source': None,
    'status': 'pending_new',
    'stop_price': None,
    'submitted_at': '2024-06-25T14:19:00.289167085Z',
    'subtag': None,
    'symbol': 'SPY',
    'time_in_force': 'day',
    'trail_percent': None,
    'trail_price': None,
    'type': 'market',
    'updated_at': '2024-06-25T14:19:00.289946055Z'})
2024-06-25 15:20:00,747 - INFO - Received new bar data: 543.745
2024-06-25 15:20:00,749 - INFO - Generated signal: -1 based on returns: -0.00020225979351118362
2024-06-25 15:20:00,844 - INFO - Executing Sell for SPY at 542.64
2024-06-25 15:20:00,933 - INFO - Order submitted: Order({   'asset_class': 'us_equity',
    'asset_id': 'b28f4066-5c6d-479b-a2af-85dc1a8f16fb',
    'canceled_at': None,
    'client_order_id': '8ac286aa-51e1-49da-9577-8a8eb044c15c',
    'created_at': '2024-06-25T14:20:00.187585574Z',
    'expired_at': None,
    'extended_hours': False,
    'failed_at': None,
    'filled_at': None,
    'filled_avg_price': None,
    'filled_qty': '0',
    'hwm': '543.83',
    'id': '4e718b2f-e666-459b-a140-84754334f624',
    'legs': None,
    'limit_price': None,
    'notional': None,
    'order_class': '',
    'order_type': 'trailing_stop',
    'qty': '1',
    'replaced_at': None,
    'replaced_by': None,
    'replaces': None,
    'side': 'sell',
    'source': None,
    'status': 'new',
    'stop_price': '541.11085',
    'submitted_at': '2024-06-25T14:20:00.187585574Z',
    'subtag': None,
    'symbol': 'SPY',
    'time_in_force': 'day',
    'trail_percent': '0.5',
    'trail_price': None,
    'type': 'trailing_stop',
    'updated_at': '2024-06-25T14:20:00.188259354Z'})
2024-06-25 15:22:00,840 - INFO - Received new bar data: 543.82
2024-06-25 15:22:00,843 - INFO - Generated signal: 1 based on returns: 0.00013793230282588276
2024-06-25 15:22:01,147 - INFO - Executing Buy for SPY at 542.64
2024-06-25 15:22:01,536 - INFO - Order submitted: Order({   'asset_class': 'us_equity',
    'asset_id': 'b28f4066-5c6d-479b-a2af-85dc1a8f16fb',
    'canceled_at': None,
    'client_order_id': '62c29efd-5178-45e1-9827-1289bb3fa155',
    'created_at': '2024-06-25T14:22:00.788195051Z',
    'expired_at': None,
    'extended_hours': False,
    'failed_at': None,
    'filled_at': None,
    'filled_avg_price': None,
    'filled_qty': '0',
    'hwm': None,
    'id': 'c5e6be34-50b9-49a4-acc7-a52abc4b60b4',
    'legs': None,
    'limit_price': None,
    'notional': None,
    'order_class': '',
    'order_type': 'market',
    'qty': '1',
    'replaced_at': None,
    'replaced_by': None,
    'replaces': None,
    'side': 'buy',
    'source': None,
    'status': 'pending_new',
    'stop_price': None,
    'submitted_at': '2024-06-25T14:22:00.788195051Z',
    'subtag': None,
    'symbol': 'SPY',
    'time_in_force': 'day',
    'trail_percent': None,
    'trail_price': None,
    'type': 'market',
    'updated_at': '2024-06-25T14:22:00.788957731Z'})
2024-06-25 15:25:00,830 - INFO - Received new bar data: 543.93
2024-06-25 15:25:00,833 - INFO - Generated signal: 1 based on returns: 0.00020227281085638538
2024-06-25 15:25:01,110 - INFO - Executing Buy for SPY at 542.64
2024-06-25 15:25:01,391 - INFO - Order submitted: Order({   'asset_class': 'us_equity',
    'asset_id': 'b28f4066-5c6d-479b-a2af-85dc1a8f16fb',
    'canceled_at': None,
    'client_order_id': '3043a89d-11b8-4010-a3b4-121ef8a9fc04',
    'created_at': '2024-06-25T14:25:00.645376313Z',
    'expired_at': None,
    'extended_hours': False,
    'failed_at': None,
    'filled_at': None,
    'filled_avg_price': None,
    'filled_qty': '0',
    'hwm': None,
    'id': '9cb70a25-c145-4499-a531-327fd64593b6',
    'legs': None,
    'limit_price': None,
    'notional': None,
    'order_class': '',
    'order_type': 'market',
    'qty': '1',
    'replaced_at': None,
    'replaced_by': None,
    'replaces': None,
    'side': 'buy',
    'source': None,
    'status': 'pending_new',
    'stop_price': None,
    'submitted_at': '2024-06-25T14:25:00.645376313Z',
    'subtag': None,
    'symbol': 'SPY',
    'time_in_force': 'day',
    'trail_percent': None,
    'trail_price': None,
    'type': 'market',
    'updated_at': '2024-06-25T14:25:00.646176333Z'})
2024-06-25 15:27:00,749 - INFO - Received new bar data: 543.97
2024-06-25 15:27:00,750 - INFO - Generated signal: 1 based on returns: 7.353887448768859e-05
2024-06-25 15:27:01,027 - INFO - Executing Buy for SPY at 542.64
2024-06-25 15:27:01,318 - INFO - Order submitted: Order({   'asset_class': 'us_equity',
    'asset_id': 'b28f4066-5c6d-479b-a2af-85dc1a8f16fb',
    'canceled_at': None,
    'client_order_id': '29fcc3c8-758c-4117-911a-e7cb1fd0bb87',
    'created_at': '2024-06-25T14:27:00.57321549Z',
    'expired_at': None,
    'extended_hours': False,
    'failed_at': None,
    'filled_at': None,
    'filled_avg_price': None,
    'filled_qty': '0',
    'hwm': None,
    'id': 'fbb7d16d-616c-462a-8ae2-c5703cba6034',
    'legs': None,
    'limit_price': None,
    'notional': None,
    'order_class': '',
    'order_type': 'market',
    'qty': '1',
    'replaced_at': None,
    'replaced_by': None,
    'replaces': None,
    'side': 'buy',
    'source': None,
    'status': 'pending_new',
    'stop_price': None,
    'submitted_at': '2024-06-25T14:27:00.57321549Z',
    'subtag': None,
    'symbol': 'SPY',
    'time_in_force': 'day',
    'trail_percent': None,
    'trail_price': None,
    'type': 'market',
    'updated_at': '2024-06-25T14:27:00.57402198Z'})
2024-06-25 15:28:00,829 - INFO - Received new bar data: 543.995
2024-06-25 15:28:00,830 - INFO - Generated signal: 1 based on returns: 4.595841682442092e-05
2024-06-25 15:28:00,924 - INFO - Executing Buy for SPY at 542.64
2024-06-25 15:28:01,020 - INFO - Order submitted: Order({   'asset_class': 'us_equity',
    'asset_id': 'b28f4066-5c6d-479b-a2af-85dc1a8f16fb',
    'canceled_at': None,
    'client_order_id': 'd6ad9ad8-af05-4ae8-a975-25340282cc2c',
    'created_at': '2024-06-25T14:28:00.275629276Z',
    'expired_at': None,
    'extended_hours': False,
    'failed_at': None,
    'filled_at': None,
    'filled_avg_price': None,
    'filled_qty': '0',
    'hwm': None,
    'id': 'cc35e9ae-3187-48c2-a728-9598df8bb6eb',
    'legs': None,
    'limit_price': None,
    'notional': None,
    'order_class': '',
    'order_type': 'market',
    'qty': '1',
    'replaced_at': None,
    'replaced_by': None,
    'replaces': None,
    'side': 'buy',
    'source': None,
    'status': 'pending_new',
    'stop_price': None,
    'submitted_at': '2024-06-25T14:28:00.275629276Z',
    'subtag': None,
    'symbol': 'SPY',
    'time_in_force': 'day',
    'trail_percent': None,
    'trail_price': None,
    'type': 'market',
    'updated_at': '2024-06-25T14:28:00.276390166Z'})
2024-06-25 15:29:01,099 - INFO - Received new bar data: 543.9
2024-06-25 15:29:01,100 - INFO - Generated signal: -1 based on returns: -0.00017463395803274384
2024-06-25 15:29:01,194 - INFO - Executing Sell for SPY at 542.64
2024-06-25 15:29:01,288 - INFO - Order submitted: Order({   'asset_class': 'us_equity',
    'asset_id': 'b28f4066-5c6d-479b-a2af-85dc1a8f16fb',
    'canceled_at': None,
    'client_order_id': '263287a3-aea0-4288-a233-8419848e3340',
    'created_at': '2024-06-25T14:29:00.542700412Z',
    'expired_at': None,
    'extended_hours': False,
    'failed_at': None,
    'filled_at': None,
    'filled_avg_price': None,
    'filled_qty': '0',
    'hwm': '543.92',
    'id': '93813d1a-3a46-499a-9f39-0d3e096e123b',
    'legs': None,
    'limit_price': None,
    'notional': None,
    'order_class': '',
    'order_type': 'trailing_stop',
    'qty': '1',
    'replaced_at': None,
    'replaced_by': None,
    'replaces': None,
    'side': 'sell',
    'source': None,
    'status': 'new',
    'stop_price': '541.2004',
    'submitted_at': '2024-06-25T14:29:00.542700412Z',
    'subtag': None,
    'symbol': 'SPY',
    'time_in_force': 'day',
    'trail_percent': '0.5',
    'trail_price': None,
    'type': 'trailing_stop',
    'updated_at': '2024-06-25T14:29:00.543343522Z'})
2024-06-25 15:30:00,746 - INFO - Received new bar data: 543.89
2024-06-25 15:30:00,748 - INFO - Generated signal: -1 based on returns: -1.8385732671433175e-05
2024-06-25 15:30:00,839 - INFO - Executing Sell for SPY at 542.64
2024-06-25 15:30:00,932 - INFO - Order submitted: Order({   'asset_class': 'us_equity',
    'asset_id': 'b28f4066-5c6d-479b-a2af-85dc1a8f16fb',
    'canceled_at': None,
    'client_order_id': '2db667e2-641a-4ed9-85e2-bf66467da12a',
    'created_at': '2024-06-25T14:30:00.186975573Z',
    'expired_at': None,
    'extended_hours': False,
    'failed_at': None,
    'filled_at': None,
    'filled_avg_price': None,
    'filled_qty': '0',
    'hwm': '544',
    'id': '62c999da-ccff-4b72-bf56-5d263e903147',
    'legs': None,
    'limit_price': None,
    'notional': None,
    'order_class': '',
    'order_type': 'trailing_stop',
    'qty': '1',
    'replaced_at': None,
    'replaced_by': None,
    'replaces': None,
    'side': 'sell',
    'source': None,
    'status': 'new',
    'stop_price': '541.28',
    'submitted_at': '2024-06-25T14:30:00.186975573Z',
    'subtag': None,
    'symbol': 'SPY',
    'time_in_force': 'day',
    'trail_percent': '0.5',
    'trail_price': None,
    'type': 'trailing_stop',
    'updated_at': '2024-06-25T14:30:00.187535373Z'})
2024-06-25 15:31:00,829 - INFO - Received new bar data: 543.89
2024-06-25 15:31:00,830 - INFO - Generated signal: -1 based on returns: 0.0
2024-06-25 15:31:00,924 - INFO - Executing Sell for SPY at 542.64
