2024-07-04 20:11:25,644 - INFO - started stock data stream
2024-07-04 20:11:25,644 - INFO - starting stock data websocket connection
2024-07-04 20:11:26,398 - INFO - connected to: wss://stream.data.alpaca.markets/v2/iex
2024-07-04 20:11:26,565 - INFO - subscribed to trades: [], quotes: [], bars: ['AAPL', 'AMZN', 'GOOG', 'META', 'MSFT', 'NFLX', 'NVDA', 'PYPL', 'TSLA', 'V'], updatedBars: [], dailyBars: [], statuses: [], lulds: [], cancelErrors: [], corrections: []
2024-07-08 14:26:05,065 - INFO - started stock data stream
2024-07-08 14:26:05,066 - INFO - starting stock data websocket connection
2024-07-08 14:26:05,665 - INFO - connected to: wss://stream.data.alpaca.markets/v2/iex
2024-07-08 14:26:05,873 - INFO - subscribed to trades: [], quotes: [], bars: ['AAPL', 'AMZN', 'GOOG', 'META', 'MSFT', 'NFLX', 'NVDA', 'PYPL', 'TSLA', 'V'], updatedBars: [], dailyBars: [], statuses: [], lulds: [], cancelErrors: [], corrections: []
2024-07-08 14:33:01,480 - ERROR - Error logging trade: 'Order' object is not subscriptable
2024-07-08 14:33:42,886 - INFO - started stock data stream
2024-07-08 14:33:42,886 - INFO - starting stock data websocket connection
2024-07-08 14:33:43,402 - INFO - connected to: wss://stream.data.alpaca.markets/v2/iex
2024-07-08 14:33:43,613 - INFO - subscribed to trades: [], quotes: [], bars: ['AAPL', 'AMZN', 'GOOG', 'META', 'MSFT', 'NFLX', 'NVDA', 'PYPL', 'TSLA', 'V'], updatedBars: [], dailyBars: [], statuses: [], lulds: [], cancelErrors: [], corrections: []
2024-07-08 14:38:15,207 - INFO - started stock data stream
2024-07-08 14:38:15,207 - INFO - starting stock data websocket connection
2024-07-08 14:38:15,736 - INFO - connected to: wss://stream.data.alpaca.markets/v2/iex
2024-07-08 14:38:15,942 - INFO - subscribed to trades: [], quotes: [], bars: ['AAPL', 'AMZN', 'GOOG', 'META', 'MSFT', 'NFLX', 'NVDA', 'PYPL', 'TSLA', 'V'], updatedBars: [], dailyBars: [], statuses: [], lulds: [], cancelErrors: [], corrections: []
2024-07-08 14:50:00,768 - INFO - Not enough quantity to execute sell for META, available: 0
2024-07-08 14:50:01,829 - INFO - Not enough quantity to execute sell for TSLA, available: 0
2024-07-08 14:50:02,121 - INFO - Not enough quantity to execute sell for AAPL, available: 0
2024-07-08 14:52:02,774 - INFO - Not enough quantity to execute sell for AAPL, available: 0
2024-07-08 14:53:00,390 - INFO - Not enough quantity to execute sell for META, available: 0
2024-07-08 14:53:04,116 - INFO - Not enough quantity to execute sell for TSLA, available: 0
2024-07-08 14:54:02,163 - INFO - Not enough quantity to execute sell for TSLA, available: 0
2024-07-08 14:55:00,953 - INFO - Not enough quantity to execute sell for META, available: 0
2024-07-08 14:55:01,892 - ERROR - API Error executing trade for MSFT: trade denied due to pattern day trading protection
2024-07-08 14:55:02,562 - INFO - Not enough quantity to execute sell for PYPL, available: 0
2024-07-08 14:56:01,305 - INFO - Not enough quantity to execute sell for AMZN, available: 0
2024-07-08 14:56:01,868 - INFO - Not enough quantity to execute sell for V, available: 0
2024-07-08 14:56:02,499 - ERROR - API Error executing trade for AAPL: trade denied due to pattern day trading protection
2024-07-08 14:57:01,647 - ERROR - API Error executing trade for AAPL: trade denied due to pattern day trading protection
2024-07-08 14:57:02,865 - ERROR - API Error executing trade for GOOG: trade denied due to pattern day trading protection
2024-07-08 14:58:00,792 - INFO - Not enough quantity to execute sell for TSLA, available: 0
2024-07-08 14:59:00,823 - INFO - Not enough quantity to execute sell for AMZN, available: 0
2024-07-08 14:59:01,825 - ERROR - API Error executing trade for NVDA: trade denied due to pattern day trading protection
2024-07-08 14:59:02,589 - ERROR - API Error executing trade for MSFT: trade denied due to pattern day trading protection
2024-07-08 14:59:03,346 - ERROR - API Error executing trade for AAPL: trade denied due to pattern day trading protection
2024-07-08 15:00:01,550 - ERROR - API Error executing trade for MSFT: trade denied due to pattern day trading protection
2024-07-08 15:01:01,606 - INFO - Not enough quantity to execute sell for TSLA, available: 0
2024-07-08 15:02:01,032 - ERROR - API Error executing trade for MSFT: trade denied due to pattern day trading protection
2024-07-08 15:02:03,812 - ERROR - API Error executing trade for NFLX: trade denied due to pattern day trading protection
2024-07-08 15:03:00,760 - ERROR - API Error executing trade for META: trade denied due to pattern day trading protection
2024-07-08 15:03:01,507 - ERROR - API Error executing trade for AMZN: trade denied due to pattern day trading protection
2024-07-08 15:03:02,264 - ERROR - API Error executing trade for PYPL: trade denied due to pattern day trading protection
2024-07-08 15:03:03,295 - ERROR - API Error executing trade for NVDA: trade denied due to pattern day trading protection
2024-07-08 15:03:06,349 - ERROR - API Error executing trade for GOOG: trade denied due to pattern day trading protection
2024-07-08 15:05:03,240 - ERROR - API Error executing trade for MSFT: trade denied due to pattern day trading protection
2024-07-08 15:06:00,808 - ERROR - API Error executing trade for AMZN: trade denied due to pattern day trading protection
2024-07-08 15:06:02,103 - ERROR - API Error executing trade for NVDA: trade denied due to pattern day trading protection
2024-07-08 15:06:03,761 - ERROR - API Error executing trade for NFLX: trade denied due to pattern day trading protection
2024-07-08 15:06:04,533 - ERROR - API Error executing trade for AAPL: trade denied due to pattern day trading protection
2024-07-08 15:06:05,302 - ERROR - API Error executing trade for PYPL: trade denied due to pattern day trading protection
2024-07-08 15:08:02,964 - ERROR - API Error executing trade for V: trade denied due to pattern day trading protection
2024-07-08 15:09:01,003 - ERROR - API Error executing trade for AMZN: trade denied due to pattern day trading protection
2024-07-08 15:09:02,292 - ERROR - API Error executing trade for V: trade denied due to pattern day trading protection
2024-07-08 15:10:01,347 - ERROR - API Error executing trade for GOOG: trade denied due to pattern day trading protection
2024-07-08 15:10:03,838 - ERROR - API Error executing trade for TSLA: trade denied due to pattern day trading protection
2024-07-08 15:10:04,597 - ERROR - API Error executing trade for NVDA: trade denied due to pattern day trading protection
2024-07-08 15:11:01,345 - ERROR - API Error executing trade for MSFT: trade denied due to pattern day trading protection
2024-07-08 15:11:02,955 - ERROR - API Error executing trade for NVDA: trade denied due to pattern day trading protection
2024-07-08 15:11:03,730 - ERROR - API Error executing trade for META: trade denied due to pattern day trading protection
2024-07-08 15:12:01,491 - ERROR - API Error executing trade for NVDA: trade denied due to pattern day trading protection
2024-07-08 15:12:03,209 - ERROR - API Error executing trade for MSFT: trade denied due to pattern day trading protection
2024-07-08 15:12:04,248 - ERROR - API Error executing trade for TSLA: trade denied due to pattern day trading protection
2024-07-08 15:13:00,647 - ERROR - API Error executing trade for TSLA: trade denied due to pattern day trading protection
2024-07-08 15:14:01,642 - ERROR - API Error executing trade for AAPL: trade denied due to pattern day trading protection
2024-07-08 15:14:02,888 - ERROR - API Error executing trade for TSLA: trade denied due to pattern day trading protection
2024-07-08 15:14:04,640 - ERROR - API Error executing trade for GOOG: trade denied due to pattern day trading protection
2024-07-08 15:16:00,795 - ERROR - API Error executing trade for TSLA: trade denied due to pattern day trading protection
2024-07-08 15:16:01,566 - ERROR - API Error executing trade for AAPL: trade denied due to pattern day trading protection
2024-07-08 15:18:00,748 - ERROR - API Error executing trade for TSLA: trade denied due to pattern day trading protection
2024-07-08 15:18:01,134 - INFO - Not enough cash to execute buy for AAPL, cash available: 1.22
2024-07-08 15:18:01,872 - ERROR - API Error executing trade for PYPL: trade denied due to pattern day trading protection
2024-07-08 15:18:03,443 - INFO - Not enough cash to execute buy for META, cash available: 1.22
2024-07-08 15:19:01,912 - ERROR - API Error executing trade for MSFT: trade denied due to pattern day trading protection
2024-07-08 15:19:02,956 - ERROR - API Error executing trade for NVDA: trade denied due to pattern day trading protection
2024-07-08 15:20:01,245 - INFO - Not enough cash to execute buy for V, cash available: 1.22
2024-07-08 15:20:01,626 - INFO - Not enough cash to execute buy for MSFT, cash available: 1.22
2024-07-08 15:21:01,034 - ERROR - API Error executing trade for AAPL: trade denied due to pattern day trading protection
2024-07-08 15:21:02,073 - ERROR - API Error executing trade for META: trade denied due to pattern day trading protection
2024-07-08 15:21:03,989 - INFO - Not enough cash to execute buy for AMZN, cash available: 1.22
2024-07-08 15:22:01,508 - INFO - Not enough cash to execute buy for GOOG, cash available: 1.22
2024-07-08 15:22:02,188 - INFO - Not enough cash to execute buy for TSLA, cash available: 1.22
2024-07-08 15:22:02,963 - ERROR - API Error executing trade for PYPL: trade denied due to pattern day trading protection
2024-07-08 15:23:02,034 - ERROR - API Error executing trade for NFLX: trade denied due to pattern day trading protection
2024-07-08 15:23:02,777 - ERROR - API Error executing trade for AMZN: trade denied due to pattern day trading protection
2024-07-08 15:23:03,513 - ERROR - API Error executing trade for V: trade denied due to pattern day trading protection
2024-07-08 15:24:01,310 - INFO - Not enough cash to execute buy for AAPL, cash available: 1.22
2024-07-08 15:24:02,072 - ERROR - API Error executing trade for NVDA: trade denied due to pattern day trading protection
2024-07-08 15:24:02,471 - INFO - Not enough cash to execute buy for NFLX, cash available: 1.22
2024-07-08 15:24:03,252 - ERROR - API Error executing trade for TSLA: trade denied due to pattern day trading protection
2024-07-08 15:24:04,010 - ERROR - API Error executing trade for AMZN: trade denied due to pattern day trading protection
2024-07-08 15:25:01,591 - ERROR - API Error executing trade for TSLA: trade denied due to pattern day trading protection
2024-07-08 15:25:02,872 - ERROR - API Error executing trade for NVDA: trade denied due to pattern day trading protection
2024-07-08 15:25:03,514 - INFO - Not enough cash to execute buy for AAPL, cash available: 1.22
2024-07-08 15:26:00,744 - ERROR - API Error executing trade for MSFT: trade denied due to pattern day trading protection
2024-07-08 15:26:01,468 - ERROR - API Error executing trade for META: trade denied due to pattern day trading protection
2024-07-08 15:26:02,193 - ERROR - API Error executing trade for AAPL: trade denied due to pattern day trading protection
2024-07-08 15:26:02,954 - ERROR - API Error executing trade for TSLA: trade denied due to pattern day trading protection
2024-07-08 15:26:03,984 - ERROR - API Error executing trade for AMZN: trade denied due to pattern day trading protection
2024-07-08 15:26:04,718 - ERROR - API Error executing trade for V: trade denied due to pattern day trading protection
2024-07-08 15:27:01,991 - ERROR - API Error executing trade for GOOG: trade denied due to pattern day trading protection
2024-07-08 15:28:01,407 - ERROR - API Error executing trade for AAPL: trade denied due to pattern day trading protection
2024-07-08 15:28:02,631 - ERROR - API Error executing trade for AMZN: trade denied due to pattern day trading protection
2024-07-08 15:28:03,362 - ERROR - API Error executing trade for TSLA: trade denied due to pattern day trading protection
2024-07-08 15:28:04,147 - ERROR - API Error executing trade for NVDA: trade denied due to pattern day trading protection
2024-07-08 15:28:05,171 - ERROR - API Error executing trade for MSFT: trade denied due to pattern day trading protection
2024-07-08 15:29:01,050 - ERROR - API Error executing trade for TSLA: trade denied due to pattern day trading protection
2024-07-08 15:29:03,292 - ERROR - API Error executing trade for META: trade denied due to pattern day trading protection
2024-07-08 15:29:03,972 - INFO - Not enough cash to execute buy for MSFT, cash available: 1.22
2024-07-08 15:30:00,793 - ERROR - API Error executing trade for AAPL: trade denied due to pattern day trading protection
2024-07-08 15:30:01,553 - ERROR - API Error executing trade for PYPL: trade denied due to pattern day trading protection
2024-07-08 15:30:02,293 - ERROR - API Error executing trade for META: trade denied due to pattern day trading protection
2024-07-08 15:30:02,693 - INFO - Not enough cash to execute buy for TSLA, cash available: 1.22
2024-07-08 15:30:03,452 - ERROR - API Error executing trade for NVDA: trade denied due to pattern day trading protection
2024-07-08 15:30:04,478 - ERROR - API Error executing trade for V: trade denied due to pattern day trading protection
2024-07-08 15:31:01,087 - ERROR - API Error executing trade for V: trade denied due to pattern day trading protection
2024-07-08 15:31:01,831 - ERROR - API Error executing trade for AMZN: trade denied due to pattern day trading protection
2024-07-08 15:31:02,257 - INFO - Not enough cash to execute buy for NVDA, cash available: 1.22
2024-07-08 15:32:00,702 - INFO - Not enough cash to execute buy for AAPL, cash available: 1.22
2024-07-08 15:32:01,444 - ERROR - API Error executing trade for AMZN: trade denied due to pattern day trading protection
2024-07-08 15:32:01,849 - INFO - Not enough cash to execute buy for MSFT, cash available: 1.22
2024-07-08 15:32:02,924 - ERROR - API Error executing trade for TSLA: trade denied due to pattern day trading protection
2024-07-08 15:33:00,968 - INFO - Not enough cash to execute buy for NVDA, cash available: 1.22
2024-07-08 15:34:00,964 - ERROR - API Error executing trade for TSLA: trade denied due to pattern day trading protection
2024-07-08 15:34:01,713 - ERROR - API Error executing trade for AMZN: trade denied due to pattern day trading protection
2024-07-08 15:35:00,672 - INFO - Not enough cash to execute buy for META, cash available: 1.22
2024-07-08 15:35:01,405 - ERROR - API Error executing trade for GOOG: trade denied due to pattern day trading protection
2024-07-08 15:35:02,156 - ERROR - API Error executing trade for AMZN: trade denied due to pattern day trading protection
2024-07-08 15:35:02,921 - ERROR - API Error executing trade for MSFT: trade denied due to pattern day trading protection
2024-07-08 15:35:03,295 - INFO - Not enough cash to execute buy for NVDA, cash available: 1.22
2024-07-08 15:35:03,680 - INFO - Not enough cash to execute buy for AAPL, cash available: 1.22
2024-07-08 15:36:00,733 - ERROR - API Error executing trade for NVDA: trade denied due to pattern day trading protection
2024-07-08 15:36:01,117 - INFO - Not enough cash to execute buy for AAPL, cash available: 1.22
2024-07-08 15:36:01,828 - INFO - Not enough cash to execute buy for TSLA, cash available: 1.22
2024-07-08 15:36:02,571 - ERROR - API Error executing trade for AMZN: trade denied due to pattern day trading protection
2024-07-08 15:36:03,325 - ERROR - API Error executing trade for GOOG: trade denied due to pattern day trading protection
2024-07-08 15:36:04,090 - ERROR - API Error executing trade for V: trade denied due to pattern day trading protection
2024-07-08 15:36:04,847 - ERROR - API Error executing trade for MSFT: trade denied due to pattern day trading protection
2024-07-08 15:36:05,238 - INFO - Not enough cash to execute buy for PYPL, cash available: 1.22
2024-07-08 15:37:01,522 - INFO - Not enough cash to execute buy for AAPL, cash available: 1.22
2024-07-08 15:37:03,137 - ERROR - API Error executing trade for MSFT: trade denied due to pattern day trading protection
2024-07-08 15:38:01,062 - ERROR - API Error executing trade for GOOG: trade denied due to pattern day trading protection
2024-07-08 15:38:02,143 - ERROR - API Error executing trade for AAPL: trade denied due to pattern day trading protection
2024-07-08 15:38:03,202 - ERROR - API Error executing trade for TSLA: trade denied due to pattern day trading protection
2024-07-08 15:38:03,604 - INFO - Not enough cash to execute buy for PYPL, cash available: 1.22
2024-07-08 15:38:04,305 - INFO - Not enough cash to execute buy for MSFT, cash available: 1.22
2024-07-08 15:39:00,382 - INFO - Not enough cash to execute buy for AMZN, cash available: 1.22
2024-07-08 15:39:01,084 - INFO - Not enough cash to execute buy for NVDA, cash available: 1.22
2024-07-08 15:39:01,463 - INFO - Not enough cash to execute buy for META, cash available: 1.22
2024-07-08 15:39:02,209 - ERROR - API Error executing trade for PYPL: trade denied due to pattern day trading protection
2024-07-08 15:40:00,703 - INFO - Not enough cash to execute buy for TSLA, cash available: 1.22
2024-07-08 15:40:01,453 - ERROR - API Error executing trade for PYPL: trade denied due to pattern day trading protection
2024-07-08 15:40:01,873 - INFO - Not enough cash to execute buy for AAPL, cash available: 1.22
2024-07-08 15:40:02,618 - ERROR - API Error executing trade for NVDA: trade denied due to pattern day trading protection
2024-07-08 15:40:03,012 - INFO - Not enough cash to execute buy for AMZN, cash available: 1.22
2024-07-08 15:40:03,411 - INFO - Not enough cash to execute buy for MSFT, cash available: 1.22
2024-07-08 15:41:00,962 - INFO - Not enough cash to execute buy for PYPL, cash available: 1.22
2024-07-08 15:41:02,619 - ERROR - API Error executing trade for TSLA: trade denied due to pattern day trading protection
2024-07-08 15:42:00,783 - ERROR - API Error executing trade for AAPL: trade denied due to pattern day trading protection
2024-07-08 15:42:02,151 - ERROR - API Error executing trade for PYPL: trade denied due to pattern day trading protection
2024-07-08 15:42:02,827 - INFO - Not enough cash to execute buy for NVDA, cash available: 1.22
2024-07-08 15:43:01,091 - ERROR - API Error executing trade for GOOG: trade denied due to pattern day trading protection
2024-07-08 15:43:01,835 - ERROR - API Error executing trade for NVDA: trade denied due to pattern day trading protection
2024-07-08 15:43:03,773 - ERROR - API Error executing trade for PYPL: trade denied due to pattern day trading protection
2024-07-08 15:43:04,154 - INFO - Not enough cash to execute buy for TSLA, cash available: 1.22
2024-07-08 15:44:01,040 - ERROR - API Error executing trade for NVDA: trade denied due to pattern day trading protection
2024-07-08 15:44:02,062 - ERROR - API Error executing trade for AAPL: trade denied due to pattern day trading protection
2024-07-08 15:44:02,793 - ERROR - API Error executing trade for NFLX: trade denied due to pattern day trading protection
2024-07-08 15:44:03,552 - ERROR - API Error executing trade for AMZN: trade denied due to pattern day trading protection
2024-07-08 15:45:00,760 - ERROR - API Error executing trade for GOOG: trade denied due to pattern day trading protection
2024-07-08 15:45:01,439 - INFO - Not enough cash to execute buy for META, cash available: 1.22
2024-07-08 15:45:02,187 - ERROR - API Error executing trade for AAPL: trade denied due to pattern day trading protection
2024-07-08 15:45:02,896 - INFO - Not enough cash to execute buy for NVDA, cash available: 1.22
2024-07-08 15:46:00,966 - INFO - Not enough cash to execute buy for GOOG, cash available: 1.22
2024-07-08 15:46:01,721 - ERROR - API Error executing trade for AAPL: trade denied due to pattern day trading protection
2024-07-08 15:46:02,751 - ERROR - API Error executing trade for TSLA: trade denied due to pattern day trading protection
2024-07-08 15:46:04,068 - ERROR - API Error executing trade for MSFT: trade denied due to pattern day trading protection
2024-07-08 15:47:01,258 - INFO - Not enough cash to execute buy for V, cash available: 1.22
2024-07-08 15:47:02,300 - INFO - Not enough cash to execute buy for PYPL, cash available: 1.22
2024-07-08 15:48:00,807 - ERROR - API Error executing trade for TSLA: trade denied due to pattern day trading protection
2024-07-08 15:48:02,401 - ERROR - API Error executing trade for AMZN: trade denied due to pattern day trading protection
2024-07-08 15:48:02,772 - INFO - Not enough cash to execute buy for GOOG, cash available: 1.22
2024-07-08 15:48:03,187 - INFO - Not enough cash to execute buy for META, cash available: 1.22
2024-07-08 15:48:03,937 - ERROR - API Error executing trade for AAPL: trade denied due to pattern day trading protection
2024-07-08 15:49:00,630 - INFO - Not enough cash to execute buy for MSFT, cash available: 1.22
2024-07-08 15:49:01,326 - INFO - Not enough cash to execute buy for V, cash available: 1.22
2024-07-08 15:49:02,327 - INFO - Not enough cash to execute buy for NVDA, cash available: 1.22
2024-07-08 15:49:02,721 - INFO - Not enough cash to execute buy for NFLX, cash available: 1.22
2024-07-08 15:50:00,644 - INFO - Not enough cash to execute buy for MSFT, cash available: 1.22
2024-07-08 15:50:01,381 - ERROR - API Error executing trade for AMZN: trade denied due to pattern day trading protection
2024-07-08 15:50:01,757 - INFO - Not enough cash to execute buy for AAPL, cash available: 1.22
2024-07-08 15:50:02,146 - INFO - Not enough cash to execute buy for TSLA, cash available: 1.22
2024-07-08 15:50:03,497 - ERROR - API Error executing trade for PYPL: trade denied due to pattern day trading protection
2024-07-08 15:51:00,796 - ERROR - API Error executing trade for NVDA: trade denied due to pattern day trading protection
2024-07-08 15:51:01,234 - INFO - Not enough cash to execute buy for GOOG, cash available: 1.22
2024-07-08 15:51:03,161 - ERROR - API Error executing trade for TSLA: trade denied due to pattern day trading protection
2024-07-08 15:52:00,765 - ERROR - API Error executing trade for TSLA: trade denied due to pattern day trading protection
2024-07-08 15:52:01,448 - INFO - Not enough cash to execute buy for META, cash available: 1.22
2024-07-08 15:52:02,176 - INFO - Not enough cash to execute buy for NVDA, cash available: 1.22
2024-07-08 15:53:00,367 - INFO - Not enough cash to execute buy for AAPL, cash available: 1.22
2024-07-08 15:53:01,061 - INFO - Not enough cash to execute buy for PYPL, cash available: 1.22
2024-07-08 15:53:02,133 - ERROR - API Error executing trade for NVDA: trade denied due to pattern day trading protection
2024-07-08 15:53:02,889 - ERROR - API Error executing trade for MSFT: trade denied due to pattern day trading protection
2024-07-08 15:53:03,648 - ERROR - API Error executing trade for META: trade denied due to pattern day trading protection
2024-07-08 15:54:00,396 - INFO - Not enough cash to execute buy for TSLA, cash available: 1.22
2024-07-08 15:54:01,177 - ERROR - API Error executing trade for MSFT: trade denied due to pattern day trading protection
2024-07-08 15:54:01,568 - INFO - Not enough cash to execute buy for AAPL, cash available: 1.22
2024-07-08 15:54:01,976 - INFO - Not enough cash to execute buy for META, cash available: 1.22
2024-07-08 15:54:02,717 - ERROR - API Error executing trade for NVDA: trade denied due to pattern day trading protection
2024-07-08 15:54:03,483 - ERROR - API Error executing trade for AMZN: trade denied due to pattern day trading protection
2024-07-08 15:55:00,407 - INFO - Not enough cash to execute buy for NVDA, cash available: 1.22
2024-07-08 15:55:00,820 - INFO - Not enough cash to execute buy for MSFT, cash available: 1.22
2024-07-08 15:55:01,545 - INFO - Not enough cash to execute buy for AAPL, cash available: 1.22
2024-07-08 15:55:01,951 - INFO - Not enough cash to execute buy for AMZN, cash available: 1.22
2024-07-08 15:55:02,332 - INFO - Not enough cash to execute buy for GOOG, cash available: 1.22
2024-07-08 15:55:03,071 - ERROR - API Error executing trade for META: trade denied due to pattern day trading protection
2024-07-08 15:56:00,376 - INFO - Not enough cash to execute buy for META, cash available: 1.22
2024-07-08 15:56:00,775 - INFO - Not enough cash to execute buy for TSLA, cash available: 1.22
2024-07-08 15:56:01,796 - ERROR - API Error executing trade for NVDA: trade denied due to pattern day trading protection
2024-07-08 15:56:03,187 - ERROR - API Error executing trade for GOOG: trade denied due to pattern day trading protection
2024-07-08 15:57:00,386 - INFO - Not enough cash to execute buy for TSLA, cash available: 1.22
2024-07-08 15:57:02,276 - INFO - Not enough cash to execute buy for PYPL, cash available: 1.22
2024-07-08 15:57:02,678 - INFO - Not enough cash to execute buy for MSFT, cash available: 1.22
2024-07-08 15:58:02,227 - ERROR - API Error executing trade for GOOG: trade denied due to pattern day trading protection
2024-07-08 15:58:03,271 - ERROR - API Error executing trade for V: trade denied due to pattern day trading protection
2024-07-08 15:59:00,694 - INFO - Not enough cash to execute buy for AMZN, cash available: 1.22
2024-07-08 15:59:02,292 - INFO - Not enough cash to execute buy for GOOG, cash available: 1.22
2024-07-08 16:00:00,666 - INFO - Not enough cash to execute buy for GOOG, cash available: 1.22
2024-07-08 16:00:01,360 - INFO - Not enough cash to execute buy for MSFT, cash available: 1.22
2024-07-08 16:00:01,753 - INFO - Not enough cash to execute buy for TSLA, cash available: 1.22
2024-07-08 16:00:02,758 - INFO - Not enough cash to execute buy for NVDA, cash available: 1.22
2024-07-08 16:01:00,411 - INFO - Not enough cash to execute buy for META, cash available: 1.22
2024-07-08 16:01:00,813 - INFO - Not enough cash to execute buy for MSFT, cash available: 1.22
2024-07-08 16:01:02,166 - ERROR - API Error executing trade for NVDA: trade denied due to pattern day trading protection
2024-07-08 16:01:02,825 - INFO - Not enough cash to execute buy for TSLA, cash available: 1.22
2024-07-08 16:02:00,365 - INFO - Not enough cash to execute buy for TSLA, cash available: 1.22
2024-07-08 16:02:02,272 - ERROR - API Error executing trade for AMZN: trade denied due to pattern day trading protection
2024-07-08 16:02:02,664 - INFO - Not enough cash to execute buy for V, cash available: 1.22
2024-07-08 16:02:03,397 - ERROR - API Error executing trade for NVDA: trade denied due to pattern day trading protection
2024-07-08 16:03:01,742 - INFO - Not enough cash to execute buy for META, cash available: 1.22
2024-07-08 16:04:01,056 - ERROR - API Error executing trade for META: trade denied due to pattern day trading protection
2024-07-08 16:04:02,028 - INFO - Not enough cash to execute buy for V, cash available: 1.22
2024-07-08 16:04:02,408 - INFO - Not enough cash to execute buy for TSLA, cash available: 1.22
2024-07-08 16:04:03,159 - ERROR - API Error executing trade for AMZN: trade denied due to pattern day trading protection
2024-07-08 16:05:00,391 - INFO - Not enough cash to execute buy for AAPL, cash available: 1.22
2024-07-08 16:05:01,167 - ERROR - API Error executing trade for META: trade denied due to pattern day trading protection
2024-07-08 16:05:02,211 - ERROR - API Error executing trade for NVDA: trade denied due to pattern day trading protection
2024-07-08 16:05:02,944 - ERROR - API Error executing trade for AMZN: trade denied due to pattern day trading protection
2024-07-08 16:05:03,971 - ERROR - API Error executing trade for TSLA: trade denied due to pattern day trading protection
2024-07-08 16:06:01,039 - ERROR - API Error executing trade for AAPL: trade denied due to pattern day trading protection
2024-07-08 16:06:01,811 - ERROR - API Error executing trade for AMZN: trade denied due to pattern day trading protection
2024-07-08 16:06:02,567 - ERROR - API Error executing trade for NVDA: trade denied due to pattern day trading protection
2024-07-08 16:06:03,911 - ERROR - API Error executing trade for TSLA: trade denied due to pattern day trading protection
2024-07-08 16:07:01,070 - ERROR - API Error executing trade for TSLA: trade denied due to pattern day trading protection
2024-07-08 16:07:02,128 - ERROR - API Error executing trade for V: trade denied due to pattern day trading protection
2024-07-08 16:07:04,051 - ERROR - API Error executing trade for PYPL: trade denied due to pattern day trading protection
2024-07-08 16:08:00,388 - INFO - Not enough cash to execute buy for META, cash available: 1.22
2024-07-08 16:08:02,310 - ERROR - API Error executing trade for MSFT: trade denied due to pattern day trading protection
2024-07-08 16:08:03,064 - ERROR - API Error executing trade for TSLA: trade denied due to pattern day trading protection
2024-07-08 16:09:00,378 - INFO - Not enough cash to execute buy for META, cash available: 1.22
2024-07-08 16:09:02,058 - INFO - Not enough cash to execute buy for MSFT, cash available: 1.22
2024-07-08 16:10:00,759 - ERROR - API Error executing trade for TSLA: trade denied due to pattern day trading protection
2024-07-08 16:10:01,551 - ERROR - API Error executing trade for NFLX: trade denied due to pattern day trading protection
2024-07-08 16:10:03,341 - INFO - Not enough cash to execute buy for PYPL, cash available: 1.22
2024-07-08 16:11:01,650 - ERROR - API Error executing trade for TSLA: trade denied due to pattern day trading protection
2024-07-08 16:11:02,662 - ERROR - API Error executing trade for META: trade denied due to pattern day trading protection
2024-07-08 16:13:00,853 - ERROR - API Error executing trade for V: trade denied due to pattern day trading protection
2024-07-08 16:13:02,345 - INFO - Not enough cash to execute buy for META, cash available: 1.22
2024-07-08 16:13:03,277 - ERROR - API Error executing trade for AMZN: trade denied due to pattern day trading protection
2024-07-08 16:13:03,795 - INFO - Not enough cash to execute buy for TSLA, cash available: 1.22
2024-07-08 16:13:04,274 - INFO - Not enough cash to execute buy for NFLX, cash available: 1.22
2024-07-08 16:14:00,404 - INFO - Not enough cash to execute buy for TSLA, cash available: 1.22
2024-07-08 16:14:01,142 - ERROR - API Error executing trade for MSFT: trade denied due to pattern day trading protection
2024-07-08 16:14:01,904 - ERROR - API Error executing trade for V: trade denied due to pattern day trading protection
2024-07-08 16:14:02,651 - ERROR - API Error executing trade for AAPL: trade denied due to pattern day trading protection
2024-07-08 16:14:03,411 - ERROR - API Error executing trade for NFLX: trade denied due to pattern day trading protection
2024-07-08 16:14:04,138 - ERROR - API Error executing trade for META: trade denied due to pattern day trading protection
2024-07-08 16:14:04,922 - ERROR - API Error executing trade for AMZN: trade denied due to pattern day trading protection
2024-07-08 16:15:00,753 - ERROR - API Error executing trade for V: trade denied due to pattern day trading protection
2024-07-08 16:15:01,696 - INFO - Not enough cash to execute buy for AAPL, cash available: 1.22
2024-07-08 16:16:01,018 - INFO - Not enough cash to execute buy for AAPL, cash available: 1.22
2024-07-08 16:16:01,781 - ERROR - API Error executing trade for MSFT: trade denied due to pattern day trading protection
2024-07-08 16:16:02,833 - ERROR - API Error executing trade for NVDA: trade denied due to pattern day trading protection
2024-07-08 16:16:03,579 - ERROR - API Error executing trade for V: trade denied due to pattern day trading protection
2024-07-08 16:17:01,025 - ERROR - API Error executing trade for V: trade denied due to pattern day trading protection
2024-07-08 16:17:01,791 - ERROR - API Error executing trade for NFLX: trade denied due to pattern day trading protection
2024-07-08 16:17:02,193 - INFO - Not enough cash to execute buy for PYPL, cash available: 1.22
2024-07-08 16:17:02,937 - INFO - Not enough cash to execute buy for TSLA, cash available: 1.22
2024-07-08 16:18:01,032 - ERROR - API Error executing trade for PYPL: trade denied due to pattern day trading protection
2024-07-08 16:18:01,422 - INFO - Not enough cash to execute buy for AAPL, cash available: 1.22
2024-07-08 16:18:02,184 - ERROR - API Error executing trade for TSLA: trade denied due to pattern day trading protection
2024-07-08 16:18:02,578 - INFO - Not enough cash to execute buy for AMZN, cash available: 1.22
2024-07-08 16:18:03,601 - ERROR - API Error executing trade for META: trade denied due to pattern day trading protection
2024-07-08 16:18:03,985 - INFO - Not enough cash to execute buy for GOOG, cash available: 1.22
2024-07-08 16:19:00,354 - INFO - Not enough cash to execute buy for NVDA, cash available: 1.22
2024-07-08 16:19:01,279 - INFO - Not enough cash to execute buy for MSFT, cash available: 1.22
2024-07-08 16:19:01,998 - ERROR - API Error executing trade for AMZN: trade denied due to pattern day trading protection
2024-07-08 16:19:02,360 - INFO - Not enough cash to execute buy for TSLA, cash available: 1.22
2024-07-08 16:20:01,328 - ERROR - API Error executing trade for GOOG: trade denied due to pattern day trading protection
2024-07-08 16:20:01,716 - INFO - Not enough cash to execute buy for TSLA, cash available: 1.22
2024-07-08 16:20:02,405 - INFO - Not enough cash to execute buy for AAPL, cash available: 1.22
2024-07-08 16:20:03,488 - ERROR - API Error executing trade for V: trade denied due to pattern day trading protection
2024-07-08 16:21:01,018 - INFO - Not enough cash to execute buy for NVDA, cash available: 1.22
2024-07-08 16:21:01,767 - ERROR - API Error executing trade for PYPL: trade denied due to pattern day trading protection
2024-07-08 16:21:02,530 - ERROR - API Error executing trade for MSFT: trade denied due to pattern day trading protection
2024-07-08 16:21:03,821 - ERROR - API Error executing trade for AAPL: trade denied due to pattern day trading protection
2024-07-08 16:22:00,401 - INFO - Not enough cash to execute buy for AMZN, cash available: 1.22
2024-07-08 16:22:01,177 - ERROR - API Error executing trade for V: trade denied due to pattern day trading protection
2024-07-08 16:22:02,691 - INFO - Not enough cash to execute buy for PYPL, cash available: 1.22
2024-07-08 16:22:03,086 - INFO - Not enough cash to execute buy for MSFT, cash available: 1.22
2024-07-08 16:22:03,761 - INFO - Not enough cash to execute buy for AAPL, cash available: 1.22
2024-07-08 16:23:00,962 - INFO - Not enough cash to execute buy for NVDA, cash available: 1.22
2024-07-08 16:23:01,663 - INFO - Not enough cash to execute buy for NFLX, cash available: 1.22
2024-07-08 16:23:02,078 - INFO - Not enough cash to execute buy for META, cash available: 1.22
2024-07-08 16:24:00,378 - INFO - Not enough cash to execute buy for AMZN, cash available: 1.22
2024-07-08 16:24:00,770 - INFO - Not enough cash to execute buy for V, cash available: 1.22
2024-07-08 16:24:01,165 - INFO - Not enough cash to execute buy for AAPL, cash available: 1.22
2024-07-08 16:24:01,553 - INFO - Not enough cash to execute buy for MSFT, cash available: 1.22
2024-07-08 16:24:01,943 - INFO - Not enough cash to execute buy for NVDA, cash available: 1.22
2024-07-08 16:24:03,017 - ERROR - API Error executing trade for TSLA: trade denied due to pattern day trading protection
2024-07-08 16:25:00,358 - INFO - Not enough cash to execute buy for TSLA, cash available: 1.22
2024-07-08 16:25:01,399 - ERROR - API Error executing trade for NFLX: trade denied due to pattern day trading protection
2024-07-08 16:25:01,784 - INFO - Not enough cash to execute buy for AMZN, cash available: 1.22
2024-07-08 16:25:02,547 - ERROR - API Error executing trade for GOOG: trade denied due to pattern day trading protection
2024-07-08 16:26:00,313 - INFO - Not enough cash to execute buy for META, cash available: 1.22
2024-07-08 16:26:01,002 - INFO - Not enough cash to execute buy for AMZN, cash available: 1.22
2024-07-08 16:26:01,390 - INFO - Not enough cash to execute buy for NVDA, cash available: 1.22
2024-07-08 16:26:01,778 - INFO - Not enough cash to execute buy for V, cash available: 1.22
2024-07-08 16:26:02,512 - ERROR - API Error executing trade for AAPL: trade denied due to pattern day trading protection
2024-07-08 16:26:02,933 - INFO - Not enough cash to execute buy for TSLA, cash available: 1.22
2024-07-08 16:27:01,149 - INFO - Not enough cash to execute buy for TSLA, cash available: 1.22
2024-07-08 16:27:01,877 - ERROR - API Error executing trade for GOOG: trade denied due to pattern day trading protection
2024-07-08 16:27:02,610 - ERROR - API Error executing trade for AAPL: trade denied due to pattern day trading protection
2024-07-08 16:27:03,326 - INFO - Not enough cash to execute buy for MSFT, cash available: 1.22
2024-07-08 16:27:03,705 - INFO - Not enough cash to execute buy for V, cash available: 1.22
2024-07-08 16:28:01,932 - ERROR - API Error executing trade for AAPL: trade denied due to pattern day trading protection
2024-07-08 16:28:03,218 - INFO - Not enough cash to execute buy for NFLX, cash available: 1.22
2024-07-08 16:29:01,303 - ERROR - API Error executing trade for AMZN: trade denied due to pattern day trading protection
2024-07-08 16:29:02,332 - ERROR - API Error executing trade for TSLA: trade denied due to pattern day trading protection
2024-07-08 16:30:00,355 - INFO - Not enough cash to execute buy for NFLX, cash available: 1.22
2024-07-08 16:30:01,025 - INFO - Not enough cash to execute buy for PYPL, cash available: 1.22
2024-07-08 16:30:01,750 - ERROR - API Error executing trade for AAPL: trade denied due to pattern day trading protection
2024-07-08 16:30:02,118 - INFO - Not enough cash to execute buy for MSFT, cash available: 1.22
2024-07-08 16:30:03,042 - INFO - Not enough cash to execute buy for GOOG, cash available: 1.22
2024-07-08 16:30:03,431 - INFO - Not enough cash to execute buy for AMZN, cash available: 1.22
2024-07-08 16:31:00,671 - INFO - Not enough cash to execute buy for META, cash available: 1.22
2024-07-08 16:31:01,979 - ERROR - API Error executing trade for PYPL: trade denied due to pattern day trading protection
2024-07-08 16:31:02,950 - INFO - Not enough cash to execute buy for V, cash available: 1.22
2024-07-08 16:31:03,703 - ERROR - API Error executing trade for AAPL: trade denied due to pattern day trading protection
2024-07-08 16:31:04,078 - INFO - Not enough cash to execute buy for TSLA, cash available: 1.22
2024-07-08 16:32:01,040 - ERROR - API Error executing trade for V: trade denied due to pattern day trading protection
2024-07-08 16:32:02,080 - INFO - Not enough cash to execute buy for TSLA, cash available: 1.22
2024-07-08 16:32:02,468 - INFO - Not enough cash to execute buy for MSFT, cash available: 1.22
2024-07-08 16:33:00,293 - INFO - Not enough cash to execute buy for NVDA, cash available: 1.22
2024-07-08 16:33:01,385 - ERROR - API Error executing trade for AAPL: trade denied due to pattern day trading protection
2024-07-08 16:33:02,067 - INFO - Not enough cash to execute buy for AMZN, cash available: 1.22
2024-07-08 16:33:02,816 - ERROR - API Error executing trade for TSLA: trade denied due to pattern day trading protection
2024-07-08 16:34:00,765 - ERROR - API Error executing trade for NVDA: trade denied due to pattern day trading protection
2024-07-08 16:34:01,211 - INFO - Not enough cash to execute buy for TSLA, cash available: 1.22
2024-07-08 16:34:01,603 - INFO - Not enough cash to execute buy for AAPL, cash available: 1.22
2024-07-08 16:34:01,982 - INFO - Not enough cash to execute buy for AMZN, cash available: 1.22
2024-07-08 16:34:02,398 - INFO - Not enough cash to execute buy for MSFT, cash available: 1.22
2024-07-08 16:34:03,089 - INFO - Not enough cash to execute buy for META, cash available: 1.22
2024-07-08 16:35:01,273 - INFO - Not enough cash to execute buy for NFLX, cash available: 1.22
2024-07-08 16:35:02,524 - INFO - Not enough cash to execute buy for TSLA, cash available: 1.22
2024-07-08 16:36:00,740 - ERROR - API Error executing trade for V: trade denied due to pattern day trading protection
2024-07-08 16:36:01,514 - ERROR - API Error executing trade for NVDA: trade denied due to pattern day trading protection
2024-07-08 16:36:02,528 - ERROR - API Error executing trade for AMZN: trade denied due to pattern day trading protection
2024-07-08 16:36:03,580 - ERROR - API Error executing trade for NFLX: trade denied due to pattern day trading protection
2024-07-08 16:36:04,606 - ERROR - API Error executing trade for META: trade denied due to pattern day trading protection
2024-07-08 16:37:00,364 - INFO - Not enough cash to execute buy for AAPL, cash available: 1.22
2024-07-08 16:37:01,152 - ERROR - API Error executing trade for PYPL: trade denied due to pattern day trading protection
2024-07-08 16:37:01,911 - ERROR - API Error executing trade for AMZN: trade denied due to pattern day trading protection
2024-07-08 16:37:02,292 - INFO - Not enough cash to execute buy for GOOG, cash available: 1.22
2024-07-08 16:37:03,377 - ERROR - API Error executing trade for V: trade denied due to pattern day trading protection
2024-07-08 16:37:04,113 - ERROR - API Error executing trade for TSLA: trade denied due to pattern day trading protection
2024-07-08 16:38:00,652 - INFO - Not enough cash to execute buy for AAPL, cash available: 1.22
2024-07-08 16:38:01,694 - ERROR - API Error executing trade for PYPL: trade denied due to pattern day trading protection
2024-07-08 16:38:02,434 - ERROR - API Error executing trade for MSFT: trade denied due to pattern day trading protection
2024-07-08 16:38:02,832 - INFO - Not enough cash to execute buy for AMZN, cash available: 1.22
2024-07-08 16:38:03,595 - ERROR - API Error executing trade for V: trade denied due to pattern day trading protection
2024-07-08 16:38:04,000 - INFO - Not enough cash to execute buy for TSLA, cash available: 1.22
2024-07-08 16:39:00,732 - ERROR - API Error executing trade for PYPL: trade denied due to pattern day trading protection
2024-07-08 16:39:01,463 - ERROR - API Error executing trade for MSFT: trade denied due to pattern day trading protection
2024-07-08 16:39:02,801 - ERROR - API Error executing trade for NFLX: trade denied due to pattern day trading protection
2024-07-08 16:39:03,200 - INFO - Not enough cash to execute buy for AAPL, cash available: 1.22
2024-07-08 16:39:03,957 - ERROR - API Error executing trade for NVDA: trade denied due to pattern day trading protection
2024-07-08 16:40:00,601 - INFO - Not enough cash to execute buy for MSFT, cash available: 1.22
2024-07-08 16:40:01,577 - INFO - Not enough cash to execute buy for AMZN, cash available: 1.22
2024-07-08 16:40:01,962 - INFO - Not enough cash to execute buy for AAPL, cash available: 1.22
2024-07-08 16:40:02,384 - INFO - Not enough cash to execute buy for TSLA, cash available: 1.22
2024-07-08 16:41:00,396 - INFO - Not enough cash to execute buy for V, cash available: 1.22
2024-07-08 16:41:01,389 - INFO - Not enough cash to execute buy for PYPL, cash available: 1.22
2024-07-08 16:41:02,062 - INFO - Not enough cash to execute buy for MSFT, cash available: 1.22
2024-07-08 16:41:02,723 - INFO - Not enough cash to execute buy for GOOG, cash available: 1.22
2024-07-08 16:42:00,305 - INFO - Not enough cash to execute buy for TSLA, cash available: 1.22
2024-07-08 16:42:01,091 - ERROR - API Error executing trade for AMZN: trade denied due to pattern day trading protection
2024-07-08 16:43:01,295 - INFO - Not enough cash to execute buy for AAPL, cash available: 1.22
2024-07-08 16:44:00,723 - ERROR - API Error executing trade for PYPL: trade denied due to pattern day trading protection
2024-07-08 16:44:01,809 - ERROR - API Error executing trade for NVDA: trade denied due to pattern day trading protection
2024-07-08 16:44:02,541 - ERROR - API Error executing trade for TSLA: trade denied due to pattern day trading protection
2024-07-08 16:44:03,232 - INFO - Not enough cash to execute buy for AAPL, cash available: 1.22
2024-07-08 16:45:00,755 - ERROR - API Error executing trade for AAPL: trade denied due to pattern day trading protection
2024-07-08 16:45:01,541 - ERROR - API Error executing trade for TSLA: trade denied due to pattern day trading protection
2024-07-08 16:46:00,688 - ERROR - API Error executing trade for V: trade denied due to pattern day trading protection
2024-07-08 16:46:01,465 - ERROR - API Error executing trade for NVDA: trade denied due to pattern day trading protection
2024-07-08 16:46:02,399 - INFO - Not enough cash to execute buy for META, cash available: 1.22
2024-07-08 16:47:00,948 - ERROR - API Error executing trade for META: trade denied due to pattern day trading protection
2024-07-08 16:47:01,718 - ERROR - API Error executing trade for AMZN: trade denied due to pattern day trading protection
2024-07-08 16:47:02,490 - ERROR - API Error executing trade for PYPL: trade denied due to pattern day trading protection
2024-07-08 16:47:03,246 - ERROR - API Error executing trade for V: trade denied due to pattern day trading protection
2024-07-08 16:47:04,007 - ERROR - API Error executing trade for MSFT: trade denied due to pattern day trading protection
2024-07-08 16:48:00,979 - INFO - Not enough cash to execute buy for NVDA, cash available: 1.22
2024-07-08 16:48:01,679 - INFO - Not enough cash to execute buy for V, cash available: 1.22
2024-07-08 16:50:01,339 - ERROR - API Error executing trade for AMZN: trade denied due to pattern day trading protection
2024-07-08 16:50:02,698 - ERROR - API Error executing trade for TSLA: trade denied due to pattern day trading protection
2024-07-08 16:50:03,083 - INFO - Not enough cash to execute buy for AAPL, cash available: 1.22
2024-07-08 16:51:00,288 - INFO - Not enough cash to execute buy for NVDA, cash available: 1.22
2024-07-08 16:51:02,539 - ERROR - API Error executing trade for AAPL: trade denied due to pattern day trading protection
2024-07-08 16:52:00,733 - ERROR - API Error executing trade for TSLA: trade denied due to pattern day trading protection
2024-07-08 16:52:01,752 - INFO - Not enough cash to execute buy for AMZN, cash available: 1.22
2024-07-08 16:52:02,470 - INFO - Not enough cash to execute buy for V, cash available: 1.22
2024-07-08 16:52:03,453 - INFO - Not enough cash to execute buy for MSFT, cash available: 1.22
2024-07-08 16:53:00,745 - ERROR - API Error executing trade for V: trade denied due to pattern day trading protection
2024-07-08 16:53:01,540 - ERROR - API Error executing trade for MSFT: trade denied due to pattern day trading protection
2024-07-08 16:53:02,647 - ERROR - API Error executing trade for META: trade denied due to pattern day trading protection
2024-07-08 16:54:00,674 - INFO - Not enough cash to execute buy for NVDA, cash available: 1.22
2024-07-08 16:54:01,991 - ERROR - API Error executing trade for MSFT: trade denied due to pattern day trading protection
2024-07-08 16:55:00,410 - INFO - Not enough cash to execute buy for NFLX, cash available: 1.22
2024-07-08 16:55:01,475 - ERROR - API Error executing trade for MSFT: trade denied due to pattern day trading protection
2024-07-08 16:55:01,861 - INFO - Not enough cash to execute buy for V, cash available: 1.22
2024-07-08 16:55:02,559 - INFO - Not enough cash to execute buy for NVDA, cash available: 1.22
2024-07-08 16:56:01,826 - ERROR - API Error executing trade for PYPL: trade denied due to pattern day trading protection
2024-07-08 16:56:02,580 - ERROR - API Error executing trade for NVDA: trade denied due to pattern day trading protection
2024-07-08 16:56:03,279 - INFO - Not enough cash to execute buy for AMZN, cash available: 1.22
2024-07-08 16:57:01,305 - ERROR - API Error executing trade for PYPL: trade denied due to pattern day trading protection
2024-07-08 16:57:02,615 - INFO - Not enough cash to execute buy for AMZN, cash available: 1.22
2024-07-08 16:57:03,370 - ERROR - API Error executing trade for AAPL: trade denied due to pattern day trading protection
2024-07-08 16:58:01,013 - ERROR - API Error executing trade for MSFT: trade denied due to pattern day trading protection
2024-07-08 16:58:01,768 - ERROR - API Error executing trade for NVDA: trade denied due to pattern day trading protection
2024-07-08 16:58:02,519 - ERROR - API Error executing trade for META: trade denied due to pattern day trading protection
2024-07-08 16:58:03,208 - INFO - Not enough cash to execute buy for TSLA, cash available: 1.22
2024-07-08 16:58:04,175 - ERROR - API Error executing trade for V: trade denied due to pattern day trading protection
2024-07-08 16:59:00,968 - INFO - Not enough cash to execute buy for TSLA, cash available: 1.22
2024-07-08 17:00:00,391 - INFO - Not enough cash to execute buy for MSFT, cash available: 1.22
2024-07-08 17:00:00,798 - INFO - Not enough cash to execute buy for NVDA, cash available: 1.22
2024-07-08 17:00:01,178 - INFO - Not enough cash to execute buy for V, cash available: 1.22
2024-07-08 17:00:01,923 - ERROR - API Error executing trade for AAPL: trade denied due to pattern day trading protection
2024-07-08 17:00:02,304 - INFO - Not enough cash to execute buy for TSLA, cash available: 1.22
2024-07-08 17:01:00,817 - ERROR - API Error executing trade for TSLA: trade denied due to pattern day trading protection
2024-07-08 17:01:01,615 - ERROR - API Error executing trade for MSFT: trade denied due to pattern day trading protection
2024-07-08 17:01:02,928 - INFO - Not enough cash to execute buy for AAPL, cash available: 1.22
2024-07-08 17:02:00,712 - ERROR - API Error executing trade for AAPL: trade denied due to pattern day trading protection
2024-07-08 17:02:02,010 - ERROR - API Error executing trade for META: trade denied due to pattern day trading protection
2024-07-08 17:03:00,741 - ERROR - API Error executing trade for MSFT: trade denied due to pattern day trading protection
2024-07-08 17:03:01,747 - INFO - Not enough cash to execute buy for PYPL, cash available: 1.22
2024-07-08 17:03:02,485 - ERROR - API Error executing trade for AAPL: trade denied due to pattern day trading protection
2024-07-08 17:03:03,241 - ERROR - API Error executing trade for TSLA: trade denied due to pattern day trading protection
2024-07-08 17:04:01,331 - ERROR - API Error executing trade for MSFT: trade denied due to pattern day trading protection
2024-07-08 17:04:02,070 - ERROR - API Error executing trade for AMZN: trade denied due to pattern day trading protection
2024-07-08 17:05:01,322 - ERROR - API Error executing trade for MSFT: trade denied due to pattern day trading protection
2024-07-08 17:05:02,978 - ERROR - API Error executing trade for AAPL: trade denied due to pattern day trading protection
2024-07-08 17:06:00,744 - ERROR - API Error executing trade for NFLX: trade denied due to pattern day trading protection
2024-07-08 17:06:01,521 - ERROR - API Error executing trade for META: trade denied due to pattern day trading protection
2024-07-08 17:06:02,559 - ERROR - API Error executing trade for NVDA: trade denied due to pattern day trading protection
2024-07-08 17:07:00,759 - ERROR - API Error executing trade for AMZN: trade denied due to pattern day trading protection
2024-07-08 17:07:01,157 - INFO - Not enough cash to execute buy for AAPL, cash available: 1.22
2024-07-08 17:08:00,742 - ERROR - API Error executing trade for TSLA: trade denied due to pattern day trading protection
2024-07-08 17:08:02,057 - INFO - Not enough cash to execute buy for AMZN, cash available: 1.22
2024-07-08 17:09:00,637 - ERROR - API Error executing trade for TSLA: trade denied due to pattern day trading protection
2024-07-08 17:09:01,391 - ERROR - API Error executing trade for AMZN: trade denied due to pattern day trading protection
2024-07-08 17:09:02,133 - ERROR - API Error executing trade for GOOG: trade denied due to pattern day trading protection
2024-07-08 17:09:03,189 - ERROR - API Error executing trade for NVDA: trade denied due to pattern day trading protection
2024-07-08 17:09:03,569 - INFO - Not enough cash to execute buy for PYPL, cash available: 1.22
2024-07-08 17:10:00,656 - ERROR - API Error executing trade for META: trade denied due to pattern day trading protection
2024-07-08 17:10:01,419 - ERROR - API Error executing trade for MSFT: trade denied due to pattern day trading protection
2024-07-08 17:10:02,758 - ERROR - API Error executing trade for AAPL: trade denied due to pattern day trading protection
2024-07-08 17:10:03,503 - ERROR - API Error executing trade for NVDA: trade denied due to pattern day trading protection
2024-07-08 17:11:00,969 - INFO - Not enough cash to execute buy for NVDA, cash available: 1.22
2024-07-08 17:11:01,370 - INFO - Not enough cash to execute buy for AAPL, cash available: 1.22
2024-07-08 17:11:01,783 - INFO - Not enough cash to execute buy for TSLA, cash available: 1.22
2024-07-08 17:12:00,387 - INFO - Not enough cash to execute buy for TSLA, cash available: 1.22
2024-07-08 17:12:01,440 - ERROR - API Error executing trade for AMZN: trade denied due to pattern day trading protection
2024-07-08 17:12:02,217 - ERROR - API Error executing trade for NVDA: trade denied due to pattern day trading protection
2024-07-08 17:12:02,617 - INFO - Not enough cash to execute buy for META, cash available: 1.22
2024-07-08 17:13:01,275 - INFO - Not enough cash to execute buy for AAPL, cash available: 1.22
2024-07-08 17:14:00,444 - INFO - Not enough cash to execute buy for AAPL, cash available: 1.22
2024-07-08 17:14:01,197 - ERROR - API Error executing trade for NVDA: trade denied due to pattern day trading protection
2024-07-08 17:14:02,220 - ERROR - API Error executing trade for MSFT: trade denied due to pattern day trading protection
2024-07-08 17:14:03,313 - ERROR - API Error executing trade for V: trade denied due to pattern day trading protection
2024-07-08 17:15:00,346 - INFO - Not enough cash to execute buy for AMZN, cash available: 1.22
2024-07-08 17:15:01,404 - ERROR - API Error executing trade for GOOG: trade denied due to pattern day trading protection
2024-07-08 17:15:02,217 - ERROR - API Error executing trade for V: trade denied due to pattern day trading protection
2024-07-08 17:15:02,601 - INFO - Not enough cash to execute buy for META, cash available: 1.22
2024-07-08 17:15:03,032 - INFO - Not enough cash to execute buy for AAPL, cash available: 1.22
2024-07-08 17:15:03,429 - INFO - Not enough cash to execute buy for NVDA, cash available: 1.22
2024-07-08 17:15:03,834 - INFO - Not enough cash to execute buy for MSFT, cash available: 1.22
2024-07-08 17:16:00,713 - INFO - Not enough cash to execute buy for NVDA, cash available: 1.22
2024-07-08 17:16:01,445 - ERROR - API Error executing trade for AAPL: trade denied due to pattern day trading protection
2024-07-08 17:16:02,437 - INFO - Not enough cash to execute buy for GOOG, cash available: 1.22
2024-07-08 17:17:00,794 - ERROR - API Error executing trade for NVDA: trade denied due to pattern day trading protection
2024-07-08 17:17:01,210 - INFO - Not enough cash to execute buy for V, cash available: 1.22
2024-07-08 17:17:02,318 - ERROR - API Error executing trade for TSLA: trade denied due to pattern day trading protection
2024-07-08 17:17:03,022 - INFO - Not enough cash to execute buy for GOOG, cash available: 1.22
2024-07-08 17:18:00,365 - INFO - Not enough cash to execute buy for AAPL, cash available: 1.22
2024-07-08 17:18:01,405 - ERROR - API Error executing trade for PYPL: trade denied due to pattern day trading protection
2024-07-08 17:18:02,153 - ERROR - API Error executing trade for TSLA: trade denied due to pattern day trading protection
2024-07-08 17:18:02,549 - INFO - Not enough cash to execute buy for NVDA, cash available: 1.22
2024-07-08 17:18:03,904 - ERROR - API Error executing trade for AMZN: trade denied due to pattern day trading protection
2024-07-08 17:19:01,238 - INFO - Not enough cash to execute buy for V, cash available: 1.22
2024-07-08 17:19:01,973 - ERROR - API Error executing trade for NVDA: trade denied due to pattern day trading protection
2024-07-08 17:20:01,046 - ERROR - API Error executing trade for AMZN: trade denied due to pattern day trading protection
2024-07-08 17:20:02,164 - ERROR - API Error executing trade for NFLX: trade denied due to pattern day trading protection
2024-07-08 17:20:02,927 - ERROR - API Error executing trade for MSFT: trade denied due to pattern day trading protection
2024-07-08 17:20:03,952 - ERROR - API Error executing trade for NVDA: trade denied due to pattern day trading protection
2024-07-08 17:21:00,362 - INFO - Not enough cash to execute buy for NVDA, cash available: 1.22
2024-07-08 17:21:00,748 - INFO - Not enough cash to execute buy for AMZN, cash available: 1.22
2024-07-08 17:21:01,149 - INFO - Not enough cash to execute buy for GOOG, cash available: 1.22
2024-07-08 17:21:02,470 - INFO - Not enough cash to execute buy for AAPL, cash available: 1.22
2024-07-08 17:21:02,867 - INFO - Not enough cash to execute buy for V, cash available: 1.22
2024-07-08 17:22:01,653 - ERROR - API Error executing trade for PYPL: trade denied due to pattern day trading protection
2024-07-08 17:22:02,713 - ERROR - API Error executing trade for AMZN: trade denied due to pattern day trading protection
2024-07-08 17:23:00,736 - ERROR - API Error executing trade for NVDA: trade denied due to pattern day trading protection
2024-07-08 17:23:01,474 - ERROR - API Error executing trade for AMZN: trade denied due to pattern day trading protection
2024-07-08 17:23:02,224 - ERROR - API Error executing trade for MSFT: trade denied due to pattern day trading protection
2024-07-08 17:23:03,273 - ERROR - API Error executing trade for TSLA: trade denied due to pattern day trading protection
2024-07-08 17:23:04,248 - INFO - Not enough cash to execute buy for V, cash available: 1.22
2024-07-08 17:24:01,651 - ERROR - API Error executing trade for MSFT: trade denied due to pattern day trading protection
2024-07-08 17:24:02,693 - ERROR - API Error executing trade for AMZN: trade denied due to pattern day trading protection
2024-07-08 17:24:03,730 - ERROR - API Error executing trade for META: trade denied due to pattern day trading protection
2024-07-08 17:25:00,351 - INFO - Not enough cash to execute buy for GOOG, cash available: 1.22
2024-07-08 17:25:01,049 - INFO - Not enough cash to execute buy for MSFT, cash available: 1.22
2024-07-08 17:25:01,451 - INFO - Not enough cash to execute buy for TSLA, cash available: 1.22
2024-07-08 17:25:02,440 - INFO - Not enough cash to execute buy for META, cash available: 1.22
2024-07-08 17:25:03,124 - INFO - Not enough cash to execute buy for AMZN, cash available: 1.22
2024-07-08 17:26:00,367 - INFO - Not enough cash to execute buy for PYPL, cash available: 1.22
2024-07-08 17:26:01,116 - ERROR - API Error executing trade for AAPL: trade denied due to pattern day trading protection
2024-07-08 17:26:02,770 - ERROR - API Error executing trade for META: trade denied due to pattern day trading protection
2024-07-08 17:27:01,023 - ERROR - API Error executing trade for AAPL: trade denied due to pattern day trading protection
2024-07-08 17:27:02,360 - ERROR - API Error executing trade for TSLA: trade denied due to pattern day trading protection
2024-07-08 17:27:03,419 - ERROR - API Error executing trade for NVDA: trade denied due to pattern day trading protection
2024-07-08 17:27:04,476 - ERROR - API Error executing trade for META: trade denied due to pattern day trading protection
2024-07-08 17:28:00,344 - INFO - Not enough cash to execute buy for GOOG, cash available: 1.22
2024-07-08 17:28:01,753 - INFO - Not enough cash to execute buy for PYPL, cash available: 1.22
2024-07-08 17:28:02,492 - ERROR - API Error executing trade for TSLA: trade denied due to pattern day trading protection
2024-07-08 17:28:03,245 - ERROR - API Error executing trade for META: trade denied due to pattern day trading protection
2024-07-08 17:29:01,018 - ERROR - API Error executing trade for GOOG: trade denied due to pattern day trading protection
2024-07-08 17:29:02,071 - ERROR - API Error executing trade for V: trade denied due to pattern day trading protection
2024-07-08 17:30:00,639 - INFO - Not enough cash to execute buy for MSFT, cash available: 1.22
2024-07-08 17:30:01,653 - INFO - Not enough cash to execute buy for AMZN, cash available: 1.22
2024-07-08 17:30:02,030 - INFO - Not enough cash to execute buy for GOOG, cash available: 1.22
2024-07-08 17:31:00,266 - INFO - Not enough cash to execute buy for GOOG, cash available: 1.22
2024-07-08 17:31:01,021 - ERROR - API Error executing trade for V: trade denied due to pattern day trading protection
2024-07-08 17:31:01,777 - ERROR - API Error executing trade for AMZN: trade denied due to pattern day trading protection
2024-07-08 17:31:02,863 - ERROR - API Error executing trade for AAPL: trade denied due to pattern day trading protection
2024-07-08 17:31:03,570 - INFO - Not enough cash to execute buy for TSLA, cash available: 1.22
2024-07-08 17:31:04,327 - ERROR - API Error executing trade for NVDA: trade denied due to pattern day trading protection
2024-07-08 17:32:01,242 - ERROR - API Error executing trade for GOOG: trade denied due to pattern day trading protection
2024-07-08 17:32:02,884 - ERROR - API Error executing trade for TSLA: trade denied due to pattern day trading protection
2024-07-08 17:32:03,568 - INFO - Not enough cash to execute buy for V, cash available: 1.22
2024-07-08 17:33:00,823 - ERROR - API Error executing trade for TSLA: trade denied due to pattern day trading protection
2024-07-08 17:33:01,614 - ERROR - API Error executing trade for META: trade denied due to pattern day trading protection
2024-07-08 17:33:02,378 - ERROR - API Error executing trade for NVDA: trade denied due to pattern day trading protection
2024-07-08 17:33:03,348 - INFO - Not enough cash to execute buy for AAPL, cash available: 1.22
2024-07-08 17:33:03,739 - INFO - Not enough cash to execute buy for AMZN, cash available: 1.22
